
                                 Formality (R)

               Version L-2016.03-SP1 for linux64 - Apr 13, 2016 

                    Copyright (c) 1988 - 2016 Synopsys, Inc.
   This software and the associated documentation are proprietary to Synopsys,
 Inc. This software may only be used in accordance with the terms and conditions
 of a written license agreement with Synopsys, Inc. All other use, reproduction,
            or distribution of this software is strictly prohibited.

  ** Highlights of Formality (R) Version L-2016.03 **
   - New alternate verification strategies for resolving inconclusive verifications
   - Automation for deploying alternate strategies
   - New command to export the mapping of reference to implementation registers
   - New capability to combine PG and low power information from db libraries with Verilog functional models

   * Please refer to the Formality Release Notes for details and additional enhancements

Build: 4031317
Hostname: IC (RHEL64)
Current time: Tue Sep 30 21:13:21 2025

Loading db file '/opt/Synopsys/Formality2016/libraries/syn/gtech.db'
########################### Define Top Module ############################
set top_module SYS_TOP
SYS_TOP
######################### Formality Setup File ###########################
set synopsys_auto_setup true
true
set_svf "/home/IC/Labs/Projects/DFT/dft/$top_module.svf"
SVF set to '/home/IC/Labs/Projects/DFT/dft/SYS_TOP.svf'.
1
set SSLIB "/home/IC/tsmc_fb_cl013g_sc/aci/sc-m/synopsys/scmetro_tsmc_cl013g_rvt_ss_1p08v_125c.db"
/home/IC/tsmc_fb_cl013g_sc/aci/sc-m/synopsys/scmetro_tsmc_cl013g_rvt_ss_1p08v_125c.db
set TTLIB "/home/IC/tsmc_fb_cl013g_sc/aci/sc-m/synopsys/scmetro_tsmc_cl013g_rvt_tt_1p2v_25c.db"
/home/IC/tsmc_fb_cl013g_sc/aci/sc-m/synopsys/scmetro_tsmc_cl013g_rvt_tt_1p2v_25c.db
set FFLIB "/home/IC/tsmc_fb_cl013g_sc/aci/sc-m/synopsys/scmetro_tsmc_cl013g_rvt_ff_1p32v_m40c.db"
/home/IC/tsmc_fb_cl013g_sc/aci/sc-m/synopsys/scmetro_tsmc_cl013g_rvt_ff_1p32v_m40c.db
######################### Reference Container ############################
## Read Reference technology libraries
read_db -container Ref [list $SSLIB $TTLIB $FFLIB]
Loading db file '/home/IC/tsmc_fb_cl013g_sc/aci/sc-m/synopsys/scmetro_tsmc_cl013g_rvt_ss_1p08v_125c.db'
Created container 'Ref'
Current container set to 'Ref'
Loading db file '/home/IC/tsmc_fb_cl013g_sc/aci/sc-m/synopsys/scmetro_tsmc_cl013g_rvt_tt_1p2v_25c.db'
Loading db file '/home/IC/tsmc_fb_cl013g_sc/aci/sc-m/synopsys/scmetro_tsmc_cl013g_rvt_ff_1p32v_m40c.db'
1
## Read Reference Design Files
read_verilog -container Ref "/home/IC/Labs/Projects/DFT/rtl/ALU.v"
No target library specified, default is WORK
Initializing DesignWare ...
Initialization Complete
Loading verilog file '/home/IC/Labs/Projects/DFT/rtl/ALU.v'
1
read_verilog -container Ref "/home/IC/Labs/Projects/DFT/rtl/ASYNC_FIFO.v"
No target library specified, default is WORK
Loading verilog file '/home/IC/Labs/Projects/DFT/rtl/ASYNC_FIFO.v'
1
read_verilog -container Ref "/home/IC/Labs/Projects/DFT/rtl/ClkDiv.v"
No target library specified, default is WORK
Loading verilog file '/home/IC/Labs/Projects/DFT/rtl/ClkDiv.v'
1
read_verilog -container Ref "/home/IC/Labs/Projects/DFT/rtl/CLKDIV_MUX.v"
No target library specified, default is WORK
Loading verilog file '/home/IC/Labs/Projects/DFT/rtl/CLKDIV_MUX.v'
1
read_verilog -container Ref "/home/IC/Labs/Projects/DFT/rtl/CLK_GATE.v"
No target library specified, default is WORK
Loading verilog file '/home/IC/Labs/Projects/DFT/rtl/CLK_GATE.v'
1
read_verilog -container Ref "/home/IC/Labs/Projects/DFT/rtl/data_sampling.v"
No target library specified, default is WORK
Loading verilog file '/home/IC/Labs/Projects/DFT/rtl/data_sampling.v'
1
read_verilog -container Ref "/home/IC/Labs/Projects/DFT/rtl/data_sync.v"
No target library specified, default is WORK
Loading verilog file '/home/IC/Labs/Projects/DFT/rtl/data_sync.v'
1
read_verilog -container Ref "/home/IC/Labs/Projects/DFT/rtl/deserializer.v"
No target library specified, default is WORK
Loading verilog file '/home/IC/Labs/Projects/DFT/rtl/deserializer.v'
1
read_verilog -container Ref "/home/IC/Labs/Projects/DFT/rtl/edge_bit_counter.v"
No target library specified, default is WORK
Loading verilog file '/home/IC/Labs/Projects/DFT/rtl/edge_bit_counter.v'
1
read_verilog -container Ref "/home/IC/Labs/Projects/DFT/rtl/FIFO_DF_SYNC.v"
No target library specified, default is WORK
Loading verilog file '/home/IC/Labs/Projects/DFT/rtl/FIFO_DF_SYNC.v'
1
read_verilog -container Ref "/home/IC/Labs/Projects/DFT/rtl/FIFO_MEM_CNTRL.v"
No target library specified, default is WORK
Loading verilog file '/home/IC/Labs/Projects/DFT/rtl/FIFO_MEM_CNTRL.v'
1
read_verilog -container Ref "/home/IC/Labs/Projects/DFT/rtl/FIFO_RD.v"
No target library specified, default is WORK
Loading verilog file '/home/IC/Labs/Projects/DFT/rtl/FIFO_RD.v'
1
read_verilog -container Ref "/home/IC/Labs/Projects/DFT/rtl/FIFO_WR.v"
No target library specified, default is WORK
Loading verilog file '/home/IC/Labs/Projects/DFT/rtl/FIFO_WR.v'
1
read_verilog -container Ref "/home/IC/Labs/Projects/DFT/rtl/mux.v"
No target library specified, default is WORK
Loading verilog file '/home/IC/Labs/Projects/DFT/rtl/mux.v'
1
read_verilog -container Ref "/home/IC/Labs/Projects/DFT/rtl/mux2X1.v"
No target library specified, default is WORK
Loading verilog file '/home/IC/Labs/Projects/DFT/rtl/mux2X1.v'
1
read_verilog -container Ref "/home/IC/Labs/Projects/DFT/rtl/par_chk.v"
No target library specified, default is WORK
Loading verilog file '/home/IC/Labs/Projects/DFT/rtl/par_chk.v'
1
read_verilog -container Ref "/home/IC/Labs/Projects/DFT/rtl/parity_calc.v"
No target library specified, default is WORK
Loading verilog file '/home/IC/Labs/Projects/DFT/rtl/parity_calc.v'
1
read_verilog -container Ref "/home/IC/Labs/Projects/DFT/rtl/PULSE_GEN.v"
No target library specified, default is WORK
Loading verilog file '/home/IC/Labs/Projects/DFT/rtl/PULSE_GEN.v'
1
read_verilog -container Ref "/home/IC/Labs/Projects/DFT/rtl/RegFile.v"
No target library specified, default is WORK
Loading verilog file '/home/IC/Labs/Projects/DFT/rtl/RegFile.v'
1
read_verilog -container Ref "/home/IC/Labs/Projects/DFT/rtl/RST_SYNC.v"
No target library specified, default is WORK
Loading verilog file '/home/IC/Labs/Projects/DFT/rtl/RST_SYNC.v'
1
read_verilog -container Ref "/home/IC/Labs/Projects/DFT/rtl/Serializer.v"
No target library specified, default is WORK
Loading verilog file '/home/IC/Labs/Projects/DFT/rtl/Serializer.v'
1
read_verilog -container Ref "/home/IC/Labs/Projects/DFT/rtl/stp_chk.v"
No target library specified, default is WORK
Loading verilog file '/home/IC/Labs/Projects/DFT/rtl/stp_chk.v'
1
read_verilog -container Ref "/home/IC/Labs/Projects/DFT/rtl/strt_chk.v"
No target library specified, default is WORK
Loading verilog file '/home/IC/Labs/Projects/DFT/rtl/strt_chk.v'
1
read_verilog -container Ref "/home/IC/Labs/Projects/DFT/rtl/SYS_CTRL.v"
No target library specified, default is WORK
Loading verilog file '/home/IC/Labs/Projects/DFT/rtl/SYS_CTRL.v'
1
read_verilog -container Ref "/home/IC/Labs/Projects/DFT/rtl/SYS_TOP_dft.v"
No target library specified, default is WORK
Loading verilog file '/home/IC/Labs/Projects/DFT/rtl/SYS_TOP_dft.v'
1
read_verilog -container Ref "/home/IC/Labs/Projects/DFT/rtl/UART.v"
No target library specified, default is WORK
Loading verilog file '/home/IC/Labs/Projects/DFT/rtl/UART.v'
1
read_verilog -container Ref "/home/IC/Labs/Projects/DFT/rtl/UART_RX.v"
No target library specified, default is WORK
Loading verilog file '/home/IC/Labs/Projects/DFT/rtl/UART_RX.v'
1
read_verilog -container Ref "/home/IC/Labs/Projects/DFT/rtl/uart_rx_fsm.v"
No target library specified, default is WORK
Loading verilog file '/home/IC/Labs/Projects/DFT/rtl/uart_rx_fsm.v'
1
read_verilog -container Ref "/home/IC/Labs/Projects/DFT/rtl/UART_TX.v"
No target library specified, default is WORK
Loading verilog file '/home/IC/Labs/Projects/DFT/rtl/UART_TX.v'
1
read_verilog -container Ref "/home/IC/Labs/Projects/DFT/rtl/uart_tx_fsm.v"
No target library specified, default is WORK
Loading verilog file '/home/IC/Labs/Projects/DFT/rtl/uart_tx_fsm.v'
1
## set the top Reference Design
set_reference_design SYS_TOP
Reference design set to 'Ref:/WORK/SYS_TOP'
1
set_top SYS_TOP 
Setting top design to 'Ref:/WORK/SYS_TOP'
Status:   Elaborating design SYS_TOP   ...  
Status:   Elaborating design mux2X1   ...  
Status:   Elaborating design RST_SYNC  NUM_STAGES=2 ...  
Information: Created design named 'RST_SYNC_NUM_STAGES2'. (FE-LINK-13)
Status:   Elaborating design DATA_SYNC  NUM_STAGES=2, BUS_WIDTH=8 ...  
Information: Created design named 'DATA_SYNC_NUM_STAGES2_BUS_WIDTH8'. (FE-LINK-13)
Status:   Elaborating design ASYNC_FIFO  DATA_WIDTH=8, ADDR_WIDTH=3 ...  
Information: Created design named 'ASYNC_FIFO_DATA_WIDTH8_ADDR_WIDTH3'. (FE-LINK-13)
Status:   Elaborating design FIFO_MEM_CNTRL  DATA_WIDTH=8, ADDR_WIDTH=3 ...  
Information: Created design named 'FIFO_MEM_CNTRL_DATA_WIDTH8_ADDR_WIDTH3'. (FE-LINK-13)
Status:   Elaborating design FIFO_DF_SYNC  WIDTH=3 ...  
Information: Created design named 'FIFO_DF_SYNC_WIDTH3'. (FE-LINK-13)
Status:   Elaborating design FIFO_WR  WIDTH=3 ...  
Information: Created design named 'FIFO_WR_WIDTH3'. (FE-LINK-13)
Status:   Elaborating design FIFO_RD  WIDTH=3 ...  
Information: Created design named 'FIFO_RD_WIDTH3'. (FE-LINK-13)
Status:   Elaborating design PULSE_GEN   ...  
Status:   Elaborating design CLK_DIV   ...  
Status:   Elaborating design CLKDIV_MUX   ...  
Status:   Elaborating design UART   ...  
Status:   Elaborating design UART_TX   ...  
Status:   Elaborating design mux   ...  
Status:   Elaborating design parity_calc   ...  
Status:   Elaborating design serializer   ...  
Status:   Elaborating design TX_FSM   ...  
Status:   Elaborating design UART_RX   ...  
Status:   Elaborating design RX_FSM   ...  
Status:   Elaborating design edge_bit_counter   ...  
Status:   Elaborating design data_sampling   ...  
Status:   Elaborating design deserializer   ...  
Status:   Elaborating design parity_check   ...  
Status:   Elaborating design stop_check   ...  
Status:   Elaborating design strt_check   ...  
Status:   Elaborating design SYS_CTRL  alu_data=8, fun_width=4, frame_data=8, addr_bits=4 ...  
Information: Created design named 'SYS_CTRL_alu_data8_fun_width4_frame_data8_addr_bits4'. (FE-LINK-13)
Status:   Elaborating design Register_File_8_x_16   ...  
Warning: Index may take values outside array bound, may cause simulation mismatch .. (Signal: Reg_File Block: /Register_File_8_x_16 File: /home/IC/Labs/Projects/DFT/rtl/RegFile.v Line: 48)  (FMR_ELAB-147)
Status:   Elaborating design ALU_16_bit   ...  
Status:   Elaborating design CLK_GATE   ...  
Status:  Implementing inferred operators...

************ Library Checking Summary ************
Warning:  3 unlinked power cell(s) with unread pg pins.
        Use 'report_libraries -defects all' for more details.
**************************************************

Top design set to 'Ref:/WORK/SYS_TOP' with warnings
   ATTENTION: RTL interpretation messages were produced during link.
              Verification results may disagree with a logic simulator.

************ RTL Interpretation Summary ************
************ Design: Ref:/WORK/SYS_TOP
1 FMR_ELAB-147 message produced    

Please refer to the Formality log file for more details,
or execute report_hdlin_mismatches.
****************************************************

Reference design set to 'Ref:/WORK/SYS_TOP'
1
######################## Implementation Container #########################
## Read Implementation technology libraries
read_verilog -container Imp -netlist "/home/IC/Labs/Projects/DFT/dft/netlists/SYS_TOP.v"
No target library specified, default is WORK
Loading verilog file '/home/IC/Labs/Projects/DFT/dft/netlists/SYS_TOP.v'
Created container 'Imp'
Current container set to 'Imp'
1
## Read Implementation Design Files
read_db -container Imp [list $SSLIB $TTLIB $FFLIB]
Loading db file '/home/IC/tsmc_fb_cl013g_sc/aci/sc-m/synopsys/scmetro_tsmc_cl013g_rvt_ss_1p08v_125c.db'
Loading db file '/home/IC/tsmc_fb_cl013g_sc/aci/sc-m/synopsys/scmetro_tsmc_cl013g_rvt_tt_1p2v_25c.db'
Loading db file '/home/IC/tsmc_fb_cl013g_sc/aci/sc-m/synopsys/scmetro_tsmc_cl013g_rvt_ff_1p32v_m40c.db'
1
## set the top Implementation Design
set_implementation_design SYS_TOP
Implementation design set to 'Imp:/WORK/SYS_TOP'
1
set_top SYS_TOP
Setting top design to 'Imp:/WORK/SYS_TOP'
Status:  Implementing inferred operators...

************ Library Checking Summary ************
Warning:  3 unlinked power cell(s) with unread pg pins.
        Use 'report_libraries -defects all' for more details.
**************************************************

Top design successfully set to 'Imp:/WORK/SYS_TOP'
Implementation design set to 'Imp:/WORK/SYS_TOP'
1
############################### Don't verify #################################
# do not verify scan in & scan out ports as a compare point as it is existed only after synthesis and not existed in the RTL
#scan in
set_dont_verify_points -type port Ref:/WORK/*/SI*
Set don't verify point 'Ref:/WORK/SYS_TOP/SI[0]'
Set don't verify point 'Ref:/WORK/SYS_TOP/SI[1]'
Set don't verify point 'Ref:/WORK/SYS_TOP/SI[2]'
1
set_dont_verify_points -type port Imp:/WORK/*/SI*
Set don't verify point 'Imp:/WORK/SYS_TOP/SI[0]'
Set don't verify point 'Imp:/WORK/SYS_TOP/SI[1]'
Set don't verify point 'Imp:/WORK/SYS_TOP/SI[2]'
1
#scan_out
set_dont_verify_points -type port Ref:/WORK/*/SO*
Set don't verify point 'Ref:/WORK/SYS_TOP/SO[0]'
Set don't verify point 'Ref:/WORK/SYS_TOP/SO[1]'
Set don't verify point 'Ref:/WORK/SYS_TOP/SO[2]'
1
set_dont_verify_points -type port Imp:/WORK/*/SO*
Set don't verify point 'Imp:/WORK/SYS_TOP/SO[0]'
Set don't verify point 'Imp:/WORK/SYS_TOP/SO[1]'
Set don't verify point 'Imp:/WORK/SYS_TOP/SO[2]'
1
############################### constants #####################################
# all atpg enable(test_mode, scan_enable) are zero during formal compare
#test_mode
set_constant Ref:/WORK/*/test_mode 0
Set 'Ref:/WORK/SYS_TOP/test_mode' to constant 0
1
set_constant Imp:/WORK/*/test_mode 0
Set 'Imp:/WORK/SYS_TOP/test_mode' to constant 0
1
#scan_enable
set_constant Ref:/WORK/*/SE 0
Set 'Ref:/WORK/SYS_TOP/SE' to constant 0
1
set_constant Imp:/WORK/*/SE 0
Set 'Imp:/WORK/SYS_TOP/SE' to constant 0
1
########################### matching Compare points ##########################
match
Reference design is 'Ref:/WORK/SYS_TOP'
Implementation design is 'Imp:/WORK/SYS_TOP'
Status:  Checking designs...
    Warning: 3 (12) undriven nets found in reference (implementation) design; see formality.log for list (FM-399)
Status:  Building verification models...
Status:  Processing Guide Commands...
    Set 'Ref:/WORK/SYS_TOP/SE' to constant 0    
    Set 'Imp:/WORK/SYS_TOP/SE' to constant 0    
    Set 'Ref:/WORK/SYS_TOP/test_mode' to constant 1    
    Set 'Imp:/WORK/SYS_TOP/test_mode' to constant 1    
    Set 'Imp:/WORK/SYS_TOP/SE' to constant 0    ; previous value was also 0
    Set 'Imp:/WORK/SYS_TOP/test_mode' to constant 1    ; previous value was also 1

***************************** Guidance Summary *****************************
                                         Status
Command                 Accepted   Rejected  Unsupported  Unprocessed  Total
----------------------------------------------------------------------------
environment         :          3          0          0          0          3
instance_map        :         29          0          0          0         29
mark                :         22          0          0          0         22
multiplier          :          2          0          0          0          2
replace             :          1          0          0          0          1
scan_input          :          2          0          0          0          2
transformation
   map              :         27          0          0          0         27
   share            :          8          0          0          0          8
   tree             :          1          0          0          0          1
uniquify            :         33          2          0          0         35
ununiquify          :          1          0          0          0          1

Note: If verification succeeds you can safely ignore unaccepted guidance commands.

SVF files read:
      /home/IC/Labs/Projects/DFT/dft/SYS_TOP.svf

SVF files produced:
  /home/IC/Labs/Projects/fm_post-dft/formality_svf/
    svf.txt
****************************************************************************

Status:  Matching...
    
*********************************** Matching Results ***********************************    
 302 Compare points matched by name    
 0 Compare points matched by signature analysis    
 0 Compare points matched by topology    
 5 Matched primary inputs, black-box outputs    
 0(0) Unmatched reference(implementation) compare points    
 0(0) Unmatched reference(implementation) primary inputs, black-box outputs    
****************************************************************************************

1
################################# verify #####################################
set successful [verify]
Reference design is 'Ref:/WORK/SYS_TOP'
Implementation design is 'Imp:/WORK/SYS_TOP'
    
*********************************** Matching Results ***********************************    
 302 Compare points matched by name    
 0 Compare points matched by signature analysis    
 0 Compare points matched by topology    
 5 Matched primary inputs, black-box outputs    
 0(0) Unmatched reference(implementation) compare points    
 0(0) Unmatched reference(implementation) primary inputs, black-box outputs    
****************************************************************************************

Status:  Verifying...

************ RTL Interpretation Summary ************
************ Design: Ref:/WORK/SYS_TOP
1 FMR_ELAB-147 message produced    

Please refer to the Formality log file for more details,
or execute report_hdlin_mismatches.
****************************************************


***************************** Synopsys Auto Setup Summary ******************************

!!! Synopsys Auto Setup Mode was enabled. !!!
!!! Verification results are valid assuming the following setup constraints: !!!

### RTL Interpretation Setup
   set hdlin_ignore_parallel_case false
   set hdlin_ignore_full_case false
   set hdlin_error_on_mismatch_message false
   set hdlin_ignore_embedded_configuration true

### Undriven Signal Handling Setup
   set verification_set_undriven_signals synthesis

### Test Logic Setup
   set verification_verify_directly_undriven_output false
   Constants set on:
     SYS_TOP/SE
     SYS_TOP/test_mode
   For details see report_dont_verify_points and report_constants


For further details on Synopsys Auto Setup Mode: Type man synopsys_auto_setup
****************************************************************************************


********************************* Verification Results *********************************
Verification SUCCEEDED
   ATTENTION: synopsys_auto_setup mode was enabled.
              See Synopsys Auto Setup Summary for details.
   ATTENTION: RTL interpretation messages were produced during link
              of reference design.
              Verification results may disagree with a logic simulator.
-----------------------------------------------------------------------
 Reference design: Ref:/WORK/SYS_TOP
 Implementation design: Imp:/WORK/SYS_TOP
 302 Passing compare points
----------------------------------------------------------------------------------------
Matched Compare Points     BBPin    Loop   BBNet     Cut    Port     DFF     LAT   TOTAL
----------------------------------------------------------------------------------------
Passing (equivalent)           0       0       0       0       3     298       1     302
Failing (not equivalent)       0       0       0       0       0       0       0       0
Not Compared
  Don't verify                 0       0       0       0       3       0       0       3
****************************************************************************************
1
if {!$successful} {
diagnose
analyze_points -failing
}
report_passing_points > "reports/passing_points.rpt"
report_failing_points > "reports/failing_points.rpt"
report_aborted_points > "reports/aborted_points.rpt"
report_unverified_points > "reports/unverified_points.rpt"
start_gui
