**************************************************
Report         : passing_points

Reference      : Ref:/WORK/SYS_TOP
Implementation : Imp:/WORK/SYS_TOP
Version        : L-2016.03-SP1
Date           : Mon Sep 29 23:44:50 2025
**************************************************

302 Passing compare points:

  Ref  DFF        Ref:/WORK/SYS_TOP/U0_ALU/ALU_OUT_VLD_reg
  Impl DFF        Imp:/WORK/SYS_TOP/U0_ALU/ALU_OUT_VLD_reg

  Ref  DFF        Ref:/WORK/SYS_TOP/U0_ALU/ALU_OUT_reg[0]
  Impl DFF        Imp:/WORK/SYS_TOP/U0_ALU/ALU_OUT_reg[0]

  Ref  DFF        Ref:/WORK/SYS_TOP/U0_ALU/ALU_OUT_reg[10]
  Impl DFF        Imp:/WORK/SYS_TOP/U0_ALU/ALU_OUT_reg[10]

  Ref  DFF        Ref:/WORK/SYS_TOP/U0_ALU/ALU_OUT_reg[11]
  Impl DFF        Imp:/WORK/SYS_TOP/U0_ALU/ALU_OUT_reg[11]

  Ref  DFF        Ref:/WORK/SYS_TOP/U0_ALU/ALU_OUT_reg[12]
  Impl DFF        Imp:/WORK/SYS_TOP/U0_ALU/ALU_OUT_reg[12]

  Ref  DFF        Ref:/WORK/SYS_TOP/U0_ALU/ALU_OUT_reg[13]
  Impl DFF        Imp:/WORK/SYS_TOP/U0_ALU/ALU_OUT_reg[13]

  Ref  DFF        Ref:/WORK/SYS_TOP/U0_ALU/ALU_OUT_reg[14]
  Impl DFF        Imp:/WORK/SYS_TOP/U0_ALU/ALU_OUT_reg[14]

  Ref  DFF        Ref:/WORK/SYS_TOP/U0_ALU/ALU_OUT_reg[15]
  Impl DFF        Imp:/WORK/SYS_TOP/U0_ALU/ALU_OUT_reg[15]

  Ref  DFF        Ref:/WORK/SYS_TOP/U0_ALU/ALU_OUT_reg[1]
  Impl DFF        Imp:/WORK/SYS_TOP/U0_ALU/ALU_OUT_reg[1]

  Ref  DFF        Ref:/WORK/SYS_TOP/U0_ALU/ALU_OUT_reg[2]
  Impl DFF        Imp:/WORK/SYS_TOP/U0_ALU/ALU_OUT_reg[2]

  Ref  DFF        Ref:/WORK/SYS_TOP/U0_ALU/ALU_OUT_reg[3]
  Impl DFF        Imp:/WORK/SYS_TOP/U0_ALU/ALU_OUT_reg[3]

  Ref  DFF        Ref:/WORK/SYS_TOP/U0_ALU/ALU_OUT_reg[4]
  Impl DFF        Imp:/WORK/SYS_TOP/U0_ALU/ALU_OUT_reg[4]

  Ref  DFF        Ref:/WORK/SYS_TOP/U0_ALU/ALU_OUT_reg[5]
  Impl DFF        Imp:/WORK/SYS_TOP/U0_ALU/ALU_OUT_reg[5]

  Ref  DFF        Ref:/WORK/SYS_TOP/U0_ALU/ALU_OUT_reg[6]
  Impl DFF        Imp:/WORK/SYS_TOP/U0_ALU/ALU_OUT_reg[6]

  Ref  DFF        Ref:/WORK/SYS_TOP/U0_ALU/ALU_OUT_reg[7]
  Impl DFF        Imp:/WORK/SYS_TOP/U0_ALU/ALU_OUT_reg[7]

  Ref  DFF        Ref:/WORK/SYS_TOP/U0_ALU/ALU_OUT_reg[8]
  Impl DFF        Imp:/WORK/SYS_TOP/U0_ALU/ALU_OUT_reg[8]

  Ref  DFF        Ref:/WORK/SYS_TOP/U0_ALU/ALU_OUT_reg[9]
  Impl DFF        Imp:/WORK/SYS_TOP/U0_ALU/ALU_OUT_reg[9]

  Ref  LAT        Ref:/WORK/SYS_TOP/U0_CLK_GATE/latch_out_reg
  Impl LAT        Imp:/WORK/SYS_TOP/U0_CLK_GATE/latch_out_reg

  Ref  DFF        Ref:/WORK/SYS_TOP/U0_ClkDiv/counter_reg[0]
  Impl DFF        Imp:/WORK/SYS_TOP/U0_ClkDiv/counter_reg[0]

  Ref  DFF        Ref:/WORK/SYS_TOP/U0_ClkDiv/counter_reg[1]
  Impl DFF        Imp:/WORK/SYS_TOP/U0_ClkDiv/counter_reg[1]

  Ref  DFF        Ref:/WORK/SYS_TOP/U0_ClkDiv/counter_reg[2]
  Impl DFF        Imp:/WORK/SYS_TOP/U0_ClkDiv/counter_reg[2]

  Ref  DFF        Ref:/WORK/SYS_TOP/U0_ClkDiv/counter_reg[3]
  Impl DFF        Imp:/WORK/SYS_TOP/U0_ClkDiv/counter_reg[3]

  Ref  DFF        Ref:/WORK/SYS_TOP/U0_ClkDiv/counter_reg[4]
  Impl DFF        Imp:/WORK/SYS_TOP/U0_ClkDiv/counter_reg[4]

  Ref  DFF        Ref:/WORK/SYS_TOP/U0_ClkDiv/counter_reg[5]
  Impl DFF        Imp:/WORK/SYS_TOP/U0_ClkDiv/counter_reg[5]

  Ref  DFF        Ref:/WORK/SYS_TOP/U0_ClkDiv/counter_reg[6]
  Impl DFF        Imp:/WORK/SYS_TOP/U0_ClkDiv/counter_reg[6]

  Ref  DFF        Ref:/WORK/SYS_TOP/U0_ClkDiv/counter_reg[7]
  Impl DFF        Imp:/WORK/SYS_TOP/U0_ClkDiv/counter_reg[7]

  Ref  DFF        Ref:/WORK/SYS_TOP/U0_ClkDiv/div_clk_reg_reg
  Impl DFF        Imp:/WORK/SYS_TOP/U0_ClkDiv/div_clk_reg_reg

  Ref  DFF        Ref:/WORK/SYS_TOP/U0_ClkDiv/flag_reg
  Impl DFF        Imp:/WORK/SYS_TOP/U0_ClkDiv/flag_reg

  Ref  DFF        Ref:/WORK/SYS_TOP/U0_PULSE_GEN/pls_flop_reg
  Impl DFF        Imp:/WORK/SYS_TOP/U0_PULSE_GEN/pls_flop_reg

  Ref  DFF        Ref:/WORK/SYS_TOP/U0_PULSE_GEN/rcv_flop_reg
  Impl DFF        Imp:/WORK/SYS_TOP/U0_PULSE_GEN/rcv_flop_reg

  Ref  DFF        Ref:/WORK/SYS_TOP/U0_RST_SYNC/sync_reg_reg[0]
  Impl DFF        Imp:/WORK/SYS_TOP/U0_RST_SYNC/sync_reg_reg[0]

  Ref  DFF        Ref:/WORK/SYS_TOP/U0_RST_SYNC/sync_reg_reg[1]
  Impl DFF        Imp:/WORK/SYS_TOP/U0_RST_SYNC/sync_reg_reg[1]

  Ref  DFF        Ref:/WORK/SYS_TOP/U0_RegFile/RdData_VLD_reg
  Impl DFF        Imp:/WORK/SYS_TOP/U0_RegFile/RdData_VLD_reg

  Ref  DFF        Ref:/WORK/SYS_TOP/U0_RegFile/RdData_reg[0]
  Impl DFF        Imp:/WORK/SYS_TOP/U0_RegFile/RdData_reg[0]

  Ref  DFF        Ref:/WORK/SYS_TOP/U0_RegFile/RdData_reg[1]
  Impl DFF        Imp:/WORK/SYS_TOP/U0_RegFile/RdData_reg[1]

  Ref  DFF        Ref:/WORK/SYS_TOP/U0_RegFile/RdData_reg[2]
  Impl DFF        Imp:/WORK/SYS_TOP/U0_RegFile/RdData_reg[2]

  Ref  DFF        Ref:/WORK/SYS_TOP/U0_RegFile/RdData_reg[3]
  Impl DFF        Imp:/WORK/SYS_TOP/U0_RegFile/RdData_reg[3]

  Ref  DFF        Ref:/WORK/SYS_TOP/U0_RegFile/RdData_reg[4]
  Impl DFF        Imp:/WORK/SYS_TOP/U0_RegFile/RdData_reg[4]

  Ref  DFF        Ref:/WORK/SYS_TOP/U0_RegFile/RdData_reg[5]
  Impl DFF        Imp:/WORK/SYS_TOP/U0_RegFile/RdData_reg[5]

  Ref  DFF        Ref:/WORK/SYS_TOP/U0_RegFile/RdData_reg[6]
  Impl DFF        Imp:/WORK/SYS_TOP/U0_RegFile/RdData_reg[6]

  Ref  DFF        Ref:/WORK/SYS_TOP/U0_RegFile/RdData_reg[7]
  Impl DFF        Imp:/WORK/SYS_TOP/U0_RegFile/RdData_reg[7]

  Ref  DFF        Ref:/WORK/SYS_TOP/U0_RegFile/Reg_File_reg[0][0]
  Impl DFF        Imp:/WORK/SYS_TOP/U0_RegFile/Reg_File_reg[0][0]

  Ref  DFF        Ref:/WORK/SYS_TOP/U0_RegFile/Reg_File_reg[0][1]
  Impl DFF        Imp:/WORK/SYS_TOP/U0_RegFile/Reg_File_reg[0][1]

  Ref  DFF        Ref:/WORK/SYS_TOP/U0_RegFile/Reg_File_reg[0][2]
  Impl DFF        Imp:/WORK/SYS_TOP/U0_RegFile/Reg_File_reg[0][2]

  Ref  DFF        Ref:/WORK/SYS_TOP/U0_RegFile/Reg_File_reg[0][3]
  Impl DFF        Imp:/WORK/SYS_TOP/U0_RegFile/Reg_File_reg[0][3]

  Ref  DFF        Ref:/WORK/SYS_TOP/U0_RegFile/Reg_File_reg[0][4]
  Impl DFF        Imp:/WORK/SYS_TOP/U0_RegFile/Reg_File_reg[0][4]

  Ref  DFF        Ref:/WORK/SYS_TOP/U0_RegFile/Reg_File_reg[0][5]
  Impl DFF        Imp:/WORK/SYS_TOP/U0_RegFile/Reg_File_reg[0][5]

  Ref  DFF        Ref:/WORK/SYS_TOP/U0_RegFile/Reg_File_reg[0][6]
  Impl DFF        Imp:/WORK/SYS_TOP/U0_RegFile/Reg_File_reg[0][6]

  Ref  DFF        Ref:/WORK/SYS_TOP/U0_RegFile/Reg_File_reg[0][7]
  Impl DFF        Imp:/WORK/SYS_TOP/U0_RegFile/Reg_File_reg[0][7]

  Ref  DFF        Ref:/WORK/SYS_TOP/U0_RegFile/Reg_File_reg[1][0]
  Impl DFF        Imp:/WORK/SYS_TOP/U0_RegFile/Reg_File_reg[1][0]

  Ref  DFF        Ref:/WORK/SYS_TOP/U0_RegFile/Reg_File_reg[1][1]
  Impl DFF        Imp:/WORK/SYS_TOP/U0_RegFile/Reg_File_reg[1][1]

  Ref  DFF        Ref:/WORK/SYS_TOP/U0_RegFile/Reg_File_reg[1][2]
  Impl DFF        Imp:/WORK/SYS_TOP/U0_RegFile/Reg_File_reg[1][2]

  Ref  DFF        Ref:/WORK/SYS_TOP/U0_RegFile/Reg_File_reg[1][3]
  Impl DFF        Imp:/WORK/SYS_TOP/U0_RegFile/Reg_File_reg[1][3]

  Ref  DFF        Ref:/WORK/SYS_TOP/U0_RegFile/Reg_File_reg[1][4]
  Impl DFF        Imp:/WORK/SYS_TOP/U0_RegFile/Reg_File_reg[1][4]

  Ref  DFF        Ref:/WORK/SYS_TOP/U0_RegFile/Reg_File_reg[1][5]
  Impl DFF        Imp:/WORK/SYS_TOP/U0_RegFile/Reg_File_reg[1][5]

  Ref  DFF        Ref:/WORK/SYS_TOP/U0_RegFile/Reg_File_reg[1][6]
  Impl DFF        Imp:/WORK/SYS_TOP/U0_RegFile/Reg_File_reg[1][6]

  Ref  DFF        Ref:/WORK/SYS_TOP/U0_RegFile/Reg_File_reg[1][7]
  Impl DFF        Imp:/WORK/SYS_TOP/U0_RegFile/Reg_File_reg[1][7]

  Ref  DFF        Ref:/WORK/SYS_TOP/U0_RegFile/Reg_File_reg[2][0]
  Impl DFF        Imp:/WORK/SYS_TOP/U0_RegFile/Reg_File_reg[2][0]

  Ref  DFF        Ref:/WORK/SYS_TOP/U0_RegFile/Reg_File_reg[2][1]
  Impl DFF        Imp:/WORK/SYS_TOP/U0_RegFile/Reg_File_reg[2][1]

  Ref  DFF        Ref:/WORK/SYS_TOP/U0_RegFile/Reg_File_reg[2][2]
  Impl DFF        Imp:/WORK/SYS_TOP/U0_RegFile/Reg_File_reg[2][2]

  Ref  DFF        Ref:/WORK/SYS_TOP/U0_RegFile/Reg_File_reg[2][3]
  Impl DFF        Imp:/WORK/SYS_TOP/U0_RegFile/Reg_File_reg[2][3]

  Ref  DFF        Ref:/WORK/SYS_TOP/U0_RegFile/Reg_File_reg[2][4]
  Impl DFF        Imp:/WORK/SYS_TOP/U0_RegFile/Reg_File_reg[2][4]

  Ref  DFF        Ref:/WORK/SYS_TOP/U0_RegFile/Reg_File_reg[2][5]
  Impl DFF        Imp:/WORK/SYS_TOP/U0_RegFile/Reg_File_reg[2][5]

  Ref  DFF        Ref:/WORK/SYS_TOP/U0_RegFile/Reg_File_reg[2][6]
  Impl DFF        Imp:/WORK/SYS_TOP/U0_RegFile/Reg_File_reg[2][6]

  Ref  DFF        Ref:/WORK/SYS_TOP/U0_RegFile/Reg_File_reg[2][7]
  Impl DFF        Imp:/WORK/SYS_TOP/U0_RegFile/Reg_File_reg[2][7]

  Ref  DFF        Ref:/WORK/SYS_TOP/U0_RegFile/Reg_File_reg[3][0]
  Impl DFF        Imp:/WORK/SYS_TOP/U0_RegFile/Reg_File_reg[3][0]

  Ref  DFF        Ref:/WORK/SYS_TOP/U0_RegFile/Reg_File_reg[3][1]
  Impl DFF        Imp:/WORK/SYS_TOP/U0_RegFile/Reg_File_reg[3][1]

  Ref  DFF        Ref:/WORK/SYS_TOP/U0_RegFile/Reg_File_reg[3][2]
  Impl DFF        Imp:/WORK/SYS_TOP/U0_RegFile/Reg_File_reg[3][2]

  Ref  DFF        Ref:/WORK/SYS_TOP/U0_RegFile/Reg_File_reg[3][3]
  Impl DFF        Imp:/WORK/SYS_TOP/U0_RegFile/Reg_File_reg[3][3]

  Ref  DFF        Ref:/WORK/SYS_TOP/U0_RegFile/Reg_File_reg[3][4]
  Impl DFF        Imp:/WORK/SYS_TOP/U0_RegFile/Reg_File_reg[3][4]

  Ref  DFF        Ref:/WORK/SYS_TOP/U0_RegFile/Reg_File_reg[3][5]
  Impl DFF        Imp:/WORK/SYS_TOP/U0_RegFile/Reg_File_reg[3][5]

  Ref  DFF        Ref:/WORK/SYS_TOP/U0_RegFile/Reg_File_reg[3][6]
  Impl DFF        Imp:/WORK/SYS_TOP/U0_RegFile/Reg_File_reg[3][6]

  Ref  DFF        Ref:/WORK/SYS_TOP/U0_RegFile/Reg_File_reg[3][7]
  Impl DFF        Imp:/WORK/SYS_TOP/U0_RegFile/Reg_File_reg[3][7]

  Ref  DFF        Ref:/WORK/SYS_TOP/U0_RegFile/Reg_File_reg[4][0]
  Impl DFF        Imp:/WORK/SYS_TOP/U0_RegFile/Reg_File_reg[4][0]

  Ref  DFF        Ref:/WORK/SYS_TOP/U0_RegFile/Reg_File_reg[4][1]
  Impl DFF        Imp:/WORK/SYS_TOP/U0_RegFile/Reg_File_reg[4][1]

  Ref  DFF        Ref:/WORK/SYS_TOP/U0_RegFile/Reg_File_reg[4][2]
  Impl DFF        Imp:/WORK/SYS_TOP/U0_RegFile/Reg_File_reg[4][2]

  Ref  DFF        Ref:/WORK/SYS_TOP/U0_RegFile/Reg_File_reg[4][3]
  Impl DFF        Imp:/WORK/SYS_TOP/U0_RegFile/Reg_File_reg[4][3]

  Ref  DFF        Ref:/WORK/SYS_TOP/U0_RegFile/Reg_File_reg[4][4]
  Impl DFF        Imp:/WORK/SYS_TOP/U0_RegFile/Reg_File_reg[4][4]

  Ref  DFF        Ref:/WORK/SYS_TOP/U0_RegFile/Reg_File_reg[4][5]
  Impl DFF        Imp:/WORK/SYS_TOP/U0_RegFile/Reg_File_reg[4][5]

  Ref  DFF        Ref:/WORK/SYS_TOP/U0_RegFile/Reg_File_reg[4][6]
  Impl DFF        Imp:/WORK/SYS_TOP/U0_RegFile/Reg_File_reg[4][6]

  Ref  DFF        Ref:/WORK/SYS_TOP/U0_RegFile/Reg_File_reg[4][7]
  Impl DFF        Imp:/WORK/SYS_TOP/U0_RegFile/Reg_File_reg[4][7]

  Ref  DFF        Ref:/WORK/SYS_TOP/U0_RegFile/Reg_File_reg[5][0]
  Impl DFF        Imp:/WORK/SYS_TOP/U0_RegFile/Reg_File_reg[5][0]

  Ref  DFF        Ref:/WORK/SYS_TOP/U0_RegFile/Reg_File_reg[5][1]
  Impl DFF        Imp:/WORK/SYS_TOP/U0_RegFile/Reg_File_reg[5][1]

  Ref  DFF        Ref:/WORK/SYS_TOP/U0_RegFile/Reg_File_reg[5][2]
  Impl DFF        Imp:/WORK/SYS_TOP/U0_RegFile/Reg_File_reg[5][2]

  Ref  DFF        Ref:/WORK/SYS_TOP/U0_RegFile/Reg_File_reg[5][3]
  Impl DFF        Imp:/WORK/SYS_TOP/U0_RegFile/Reg_File_reg[5][3]

  Ref  DFF        Ref:/WORK/SYS_TOP/U0_RegFile/Reg_File_reg[5][4]
  Impl DFF        Imp:/WORK/SYS_TOP/U0_RegFile/Reg_File_reg[5][4]

  Ref  DFF        Ref:/WORK/SYS_TOP/U0_RegFile/Reg_File_reg[5][5]
  Impl DFF        Imp:/WORK/SYS_TOP/U0_RegFile/Reg_File_reg[5][5]

  Ref  DFF        Ref:/WORK/SYS_TOP/U0_RegFile/Reg_File_reg[5][6]
  Impl DFF        Imp:/WORK/SYS_TOP/U0_RegFile/Reg_File_reg[5][6]

  Ref  DFF        Ref:/WORK/SYS_TOP/U0_RegFile/Reg_File_reg[5][7]
  Impl DFF        Imp:/WORK/SYS_TOP/U0_RegFile/Reg_File_reg[5][7]

  Ref  DFF        Ref:/WORK/SYS_TOP/U0_RegFile/Reg_File_reg[6][0]
  Impl DFF        Imp:/WORK/SYS_TOP/U0_RegFile/Reg_File_reg[6][0]

  Ref  DFF        Ref:/WORK/SYS_TOP/U0_RegFile/Reg_File_reg[6][1]
  Impl DFF        Imp:/WORK/SYS_TOP/U0_RegFile/Reg_File_reg[6][1]

  Ref  DFF        Ref:/WORK/SYS_TOP/U0_RegFile/Reg_File_reg[6][2]
  Impl DFF        Imp:/WORK/SYS_TOP/U0_RegFile/Reg_File_reg[6][2]

  Ref  DFF        Ref:/WORK/SYS_TOP/U0_RegFile/Reg_File_reg[6][3]
  Impl DFF        Imp:/WORK/SYS_TOP/U0_RegFile/Reg_File_reg[6][3]

  Ref  DFF        Ref:/WORK/SYS_TOP/U0_RegFile/Reg_File_reg[6][4]
  Impl DFF        Imp:/WORK/SYS_TOP/U0_RegFile/Reg_File_reg[6][4]

  Ref  DFF        Ref:/WORK/SYS_TOP/U0_RegFile/Reg_File_reg[6][5]
  Impl DFF        Imp:/WORK/SYS_TOP/U0_RegFile/Reg_File_reg[6][5]

  Ref  DFF        Ref:/WORK/SYS_TOP/U0_RegFile/Reg_File_reg[6][6]
  Impl DFF        Imp:/WORK/SYS_TOP/U0_RegFile/Reg_File_reg[6][6]

  Ref  DFF        Ref:/WORK/SYS_TOP/U0_RegFile/Reg_File_reg[6][7]
  Impl DFF        Imp:/WORK/SYS_TOP/U0_RegFile/Reg_File_reg[6][7]

  Ref  DFF        Ref:/WORK/SYS_TOP/U0_RegFile/Reg_File_reg[7][0]
  Impl DFF        Imp:/WORK/SYS_TOP/U0_RegFile/Reg_File_reg[7][0]

  Ref  DFF        Ref:/WORK/SYS_TOP/U0_RegFile/Reg_File_reg[7][1]
  Impl DFF        Imp:/WORK/SYS_TOP/U0_RegFile/Reg_File_reg[7][1]

  Ref  DFF        Ref:/WORK/SYS_TOP/U0_RegFile/Reg_File_reg[7][2]
  Impl DFF        Imp:/WORK/SYS_TOP/U0_RegFile/Reg_File_reg[7][2]

  Ref  DFF        Ref:/WORK/SYS_TOP/U0_RegFile/Reg_File_reg[7][3]
  Impl DFF        Imp:/WORK/SYS_TOP/U0_RegFile/Reg_File_reg[7][3]

  Ref  DFF        Ref:/WORK/SYS_TOP/U0_RegFile/Reg_File_reg[7][4]
  Impl DFF        Imp:/WORK/SYS_TOP/U0_RegFile/Reg_File_reg[7][4]

  Ref  DFF        Ref:/WORK/SYS_TOP/U0_RegFile/Reg_File_reg[7][5]
  Impl DFF        Imp:/WORK/SYS_TOP/U0_RegFile/Reg_File_reg[7][5]

  Ref  DFF        Ref:/WORK/SYS_TOP/U0_RegFile/Reg_File_reg[7][6]
  Impl DFF        Imp:/WORK/SYS_TOP/U0_RegFile/Reg_File_reg[7][6]

  Ref  DFF        Ref:/WORK/SYS_TOP/U0_RegFile/Reg_File_reg[7][7]
  Impl DFF        Imp:/WORK/SYS_TOP/U0_RegFile/Reg_File_reg[7][7]

  Ref  DFF        Ref:/WORK/SYS_TOP/U0_RegFile/wr_done_reg
  Impl DFF        Imp:/WORK/SYS_TOP/U0_RegFile/wr_done_reg

  Ref  DFF        Ref:/WORK/SYS_TOP/U0_SYS_CTRL/addr_reg_reg[0]
  Impl DFF        Imp:/WORK/SYS_TOP/U0_SYS_CTRL/addr_reg_reg[0]

  Ref  DFF        Ref:/WORK/SYS_TOP/U0_SYS_CTRL/addr_reg_reg[1]
  Impl DFF        Imp:/WORK/SYS_TOP/U0_SYS_CTRL/addr_reg_reg[1]

  Ref  DFF        Ref:/WORK/SYS_TOP/U0_SYS_CTRL/addr_reg_reg[2]
  Impl DFF        Imp:/WORK/SYS_TOP/U0_SYS_CTRL/addr_reg_reg[2]

  Ref  DFF        Ref:/WORK/SYS_TOP/U0_SYS_CTRL/addr_reg_reg[3]
  Impl DFF        Imp:/WORK/SYS_TOP/U0_SYS_CTRL/addr_reg_reg[3]

  Ref  DFF        Ref:/WORK/SYS_TOP/U0_SYS_CTRL/alu_fun_reg_reg[0]
  Impl DFF        Imp:/WORK/SYS_TOP/U0_SYS_CTRL/alu_fun_reg_reg[0]

  Ref  DFF        Ref:/WORK/SYS_TOP/U0_SYS_CTRL/alu_fun_reg_reg[1]
  Impl DFF        Imp:/WORK/SYS_TOP/U0_SYS_CTRL/alu_fun_reg_reg[1]

  Ref  DFF        Ref:/WORK/SYS_TOP/U0_SYS_CTRL/alu_fun_reg_reg[2]
  Impl DFF        Imp:/WORK/SYS_TOP/U0_SYS_CTRL/alu_fun_reg_reg[2]

  Ref  DFF        Ref:/WORK/SYS_TOP/U0_SYS_CTRL/alu_fun_reg_reg[3]
  Impl DFF        Imp:/WORK/SYS_TOP/U0_SYS_CTRL/alu_fun_reg_reg[3]

  Ref  DFF        Ref:/WORK/SYS_TOP/U0_SYS_CTRL/cmd_reg_reg[0]
  Impl DFF        Imp:/WORK/SYS_TOP/U0_SYS_CTRL/cmd_reg_reg[0]

  Ref  DFF        Ref:/WORK/SYS_TOP/U0_SYS_CTRL/cmd_reg_reg[1]
  Impl DFF        Imp:/WORK/SYS_TOP/U0_SYS_CTRL/cmd_reg_reg[1]

  Ref  DFF        Ref:/WORK/SYS_TOP/U0_SYS_CTRL/current_state_reg[0]
  Impl DFF        Imp:/WORK/SYS_TOP/U0_SYS_CTRL/current_state_reg[0]

  Ref  DFF        Ref:/WORK/SYS_TOP/U0_SYS_CTRL/current_state_reg[1]
  Impl DFF        Imp:/WORK/SYS_TOP/U0_SYS_CTRL/current_state_reg[1]

  Ref  DFF        Ref:/WORK/SYS_TOP/U0_SYS_CTRL/current_state_reg[2]
  Impl DFF        Imp:/WORK/SYS_TOP/U0_SYS_CTRL/current_state_reg[2]

  Ref  DFF        Ref:/WORK/SYS_TOP/U0_UART/u_rx/u_RX_FSM/current_state_reg[0]
  Impl DFF        Imp:/WORK/SYS_TOP/U0_UART/u_rx/u_RX_FSM/current_state_reg[0]

  Ref  DFF        Ref:/WORK/SYS_TOP/U0_UART/u_rx/u_RX_FSM/current_state_reg[1]
  Impl DFF        Imp:/WORK/SYS_TOP/U0_UART/u_rx/u_RX_FSM/current_state_reg[1]

  Ref  DFF        Ref:/WORK/SYS_TOP/U0_UART/u_rx/u_RX_FSM/current_state_reg[2]
  Impl DFF        Imp:/WORK/SYS_TOP/U0_UART/u_rx/u_RX_FSM/current_state_reg[2]

  Ref  DFF        Ref:/WORK/SYS_TOP/U0_UART/u_rx/u_RX_FSM/data_valid_reg
  Impl DFF        Imp:/WORK/SYS_TOP/U0_UART/u_rx/u_RX_FSM/data_valid_reg

  Ref  DFF        Ref:/WORK/SYS_TOP/U0_UART/u_rx/u_data_sampling/sampled_reg_reg
  Impl DFF        Imp:/WORK/SYS_TOP/U0_UART/u_rx/u_data_sampling/sampled_reg_reg

  Ref  DFF        Ref:/WORK/SYS_TOP/U0_UART/u_rx/u_data_sampling/samples_reg[0]
  Impl DFF        Imp:/WORK/SYS_TOP/U0_UART/u_rx/u_data_sampling/samples_reg[0]

  Ref  DFF        Ref:/WORK/SYS_TOP/U0_UART/u_rx/u_data_sampling/samples_reg[1]
  Impl DFF        Imp:/WORK/SYS_TOP/U0_UART/u_rx/u_data_sampling/samples_reg[1]

  Ref  DFF        Ref:/WORK/SYS_TOP/U0_UART/u_rx/u_data_sampling/samples_reg[2]
  Impl DFF        Imp:/WORK/SYS_TOP/U0_UART/u_rx/u_data_sampling/samples_reg[2]

  Ref  DFF        Ref:/WORK/SYS_TOP/U0_UART/u_rx/u_deserializer/data_reg[0]
  Impl DFF        Imp:/WORK/SYS_TOP/U0_UART/u_rx/u_deserializer/data_reg[0]

  Ref  DFF        Ref:/WORK/SYS_TOP/U0_UART/u_rx/u_deserializer/data_reg[1]
  Impl DFF        Imp:/WORK/SYS_TOP/U0_UART/u_rx/u_deserializer/data_reg[1]

  Ref  DFF        Ref:/WORK/SYS_TOP/U0_UART/u_rx/u_deserializer/data_reg[2]
  Impl DFF        Imp:/WORK/SYS_TOP/U0_UART/u_rx/u_deserializer/data_reg[2]

  Ref  DFF        Ref:/WORK/SYS_TOP/U0_UART/u_rx/u_deserializer/data_reg[3]
  Impl DFF        Imp:/WORK/SYS_TOP/U0_UART/u_rx/u_deserializer/data_reg[3]

  Ref  DFF        Ref:/WORK/SYS_TOP/U0_UART/u_rx/u_deserializer/data_reg[4]
  Impl DFF        Imp:/WORK/SYS_TOP/U0_UART/u_rx/u_deserializer/data_reg[4]

  Ref  DFF        Ref:/WORK/SYS_TOP/U0_UART/u_rx/u_deserializer/data_reg[5]
  Impl DFF        Imp:/WORK/SYS_TOP/U0_UART/u_rx/u_deserializer/data_reg[5]

  Ref  DFF        Ref:/WORK/SYS_TOP/U0_UART/u_rx/u_deserializer/data_reg[6]
  Impl DFF        Imp:/WORK/SYS_TOP/U0_UART/u_rx/u_deserializer/data_reg[6]

  Ref  DFF        Ref:/WORK/SYS_TOP/U0_UART/u_rx/u_deserializer/data_reg[7]
  Impl DFF        Imp:/WORK/SYS_TOP/U0_UART/u_rx/u_deserializer/data_reg[7]

  Ref  DFF        Ref:/WORK/SYS_TOP/U0_UART/u_rx/u_deserializer/p_data_reg[0]
  Impl DFF        Imp:/WORK/SYS_TOP/U0_UART/u_rx/u_deserializer/p_data_reg[0]

  Ref  DFF        Ref:/WORK/SYS_TOP/U0_UART/u_rx/u_deserializer/p_data_reg[1]
  Impl DFF        Imp:/WORK/SYS_TOP/U0_UART/u_rx/u_deserializer/p_data_reg[1]

  Ref  DFF        Ref:/WORK/SYS_TOP/U0_UART/u_rx/u_deserializer/p_data_reg[2]
  Impl DFF        Imp:/WORK/SYS_TOP/U0_UART/u_rx/u_deserializer/p_data_reg[2]

  Ref  DFF        Ref:/WORK/SYS_TOP/U0_UART/u_rx/u_deserializer/p_data_reg[3]
  Impl DFF        Imp:/WORK/SYS_TOP/U0_UART/u_rx/u_deserializer/p_data_reg[3]

  Ref  DFF        Ref:/WORK/SYS_TOP/U0_UART/u_rx/u_deserializer/p_data_reg[4]
  Impl DFF        Imp:/WORK/SYS_TOP/U0_UART/u_rx/u_deserializer/p_data_reg[4]

  Ref  DFF        Ref:/WORK/SYS_TOP/U0_UART/u_rx/u_deserializer/p_data_reg[5]
  Impl DFF        Imp:/WORK/SYS_TOP/U0_UART/u_rx/u_deserializer/p_data_reg[5]

  Ref  DFF        Ref:/WORK/SYS_TOP/U0_UART/u_rx/u_deserializer/p_data_reg[6]
  Impl DFF        Imp:/WORK/SYS_TOP/U0_UART/u_rx/u_deserializer/p_data_reg[6]

  Ref  DFF        Ref:/WORK/SYS_TOP/U0_UART/u_rx/u_deserializer/p_data_reg[7]
  Impl DFF        Imp:/WORK/SYS_TOP/U0_UART/u_rx/u_deserializer/p_data_reg[7]

  Ref  DFF        Ref:/WORK/SYS_TOP/U0_UART/u_rx/u_edge_bit_counter/bit_cnt_reg[0]
  Impl DFF        Imp:/WORK/SYS_TOP/U0_UART/u_rx/u_edge_bit_counter/bit_cnt_reg[0]

  Ref  DFF        Ref:/WORK/SYS_TOP/U0_UART/u_rx/u_edge_bit_counter/bit_cnt_reg[1]
  Impl DFF        Imp:/WORK/SYS_TOP/U0_UART/u_rx/u_edge_bit_counter/bit_cnt_reg[1]

  Ref  DFF        Ref:/WORK/SYS_TOP/U0_UART/u_rx/u_edge_bit_counter/bit_cnt_reg[2]
  Impl DFF        Imp:/WORK/SYS_TOP/U0_UART/u_rx/u_edge_bit_counter/bit_cnt_reg[2]

  Ref  DFF        Ref:/WORK/SYS_TOP/U0_UART/u_rx/u_edge_bit_counter/bit_cnt_reg[3]
  Impl DFF        Imp:/WORK/SYS_TOP/U0_UART/u_rx/u_edge_bit_counter/bit_cnt_reg[3]

  Ref  DFF        Ref:/WORK/SYS_TOP/U0_UART/u_rx/u_edge_bit_counter/edge_cnt_reg[0]
  Impl DFF        Imp:/WORK/SYS_TOP/U0_UART/u_rx/u_edge_bit_counter/edge_cnt_reg[0]

  Ref  DFF        Ref:/WORK/SYS_TOP/U0_UART/u_rx/u_edge_bit_counter/edge_cnt_reg[1]
  Impl DFF        Imp:/WORK/SYS_TOP/U0_UART/u_rx/u_edge_bit_counter/edge_cnt_reg[1]

  Ref  DFF        Ref:/WORK/SYS_TOP/U0_UART/u_rx/u_edge_bit_counter/edge_cnt_reg[2]
  Impl DFF        Imp:/WORK/SYS_TOP/U0_UART/u_rx/u_edge_bit_counter/edge_cnt_reg[2]

  Ref  DFF        Ref:/WORK/SYS_TOP/U0_UART/u_rx/u_edge_bit_counter/edge_cnt_reg[3]
  Impl DFF        Imp:/WORK/SYS_TOP/U0_UART/u_rx/u_edge_bit_counter/edge_cnt_reg[3]

  Ref  DFF        Ref:/WORK/SYS_TOP/U0_UART/u_rx/u_edge_bit_counter/edge_cnt_reg[4]
  Impl DFF        Imp:/WORK/SYS_TOP/U0_UART/u_rx/u_edge_bit_counter/edge_cnt_reg[4]

  Ref  DFF        Ref:/WORK/SYS_TOP/U0_UART/u_rx/u_edge_bit_counter/edge_cnt_reg[5]
  Impl DFF        Imp:/WORK/SYS_TOP/U0_UART/u_rx/u_edge_bit_counter/edge_cnt_reg[5]

  Ref  DFF        Ref:/WORK/SYS_TOP/U0_UART/u_rx/u_parity_check/par_err_reg
  Impl DFF        Imp:/WORK/SYS_TOP/U0_UART/u_rx/u_parity_check/par_err_reg

  Ref  DFF        Ref:/WORK/SYS_TOP/U0_UART/u_rx/u_parity_check/parity_error_reg
  Impl DFF        Imp:/WORK/SYS_TOP/U0_UART/u_rx/u_parity_check/parity_error_reg

  Ref  DFF        Ref:/WORK/SYS_TOP/U0_UART/u_rx/u_stop_check/stop_error_reg
  Impl DFF        Imp:/WORK/SYS_TOP/U0_UART/u_rx/u_stop_check/stop_error_reg

  Ref  DFF        Ref:/WORK/SYS_TOP/U0_UART/u_rx/u_stop_check/stp_err_reg
  Impl DFF        Imp:/WORK/SYS_TOP/U0_UART/u_rx/u_stop_check/stp_err_reg

  Ref  DFF        Ref:/WORK/SYS_TOP/U0_UART/u_rx/u_strt_check/strt_glitch_reg
  Impl DFF        Imp:/WORK/SYS_TOP/U0_UART/u_rx/u_strt_check/strt_glitch_reg

  Ref  DFF        Ref:/WORK/SYS_TOP/U0_UART/u_tx/u_TX_FSM/busy_reg
  Impl DFF        Imp:/WORK/SYS_TOP/U0_UART/u_tx/u_TX_FSM/busy_reg

  Ref  DFF        Ref:/WORK/SYS_TOP/U0_UART/u_tx/u_TX_FSM/current_state_reg[0]
  Impl DFF        Imp:/WORK/SYS_TOP/U0_UART/u_tx/u_TX_FSM/current_state_reg[0]

  Ref  DFF        Ref:/WORK/SYS_TOP/U0_UART/u_tx/u_TX_FSM/current_state_reg[1]
  Impl DFF        Imp:/WORK/SYS_TOP/U0_UART/u_tx/u_TX_FSM/current_state_reg[1]

  Ref  DFF        Ref:/WORK/SYS_TOP/U0_UART/u_tx/u_TX_FSM/current_state_reg[2]
  Impl DFF        Imp:/WORK/SYS_TOP/U0_UART/u_tx/u_TX_FSM/current_state_reg[2]

  Ref  DFF        Ref:/WORK/SYS_TOP/U0_UART/u_tx/u_mux/tx_out_reg
  Impl DFF        Imp:/WORK/SYS_TOP/U0_UART/u_tx/u_mux/tx_out_reg

  Ref  DFF        Ref:/WORK/SYS_TOP/U0_UART/u_tx/u_parity_calc/data_reg_reg[0]
  Impl DFF        Imp:/WORK/SYS_TOP/U0_UART/u_tx/u_parity_calc/data_reg_reg[0]

  Ref  DFF        Ref:/WORK/SYS_TOP/U0_UART/u_tx/u_parity_calc/data_reg_reg[1]
  Impl DFF        Imp:/WORK/SYS_TOP/U0_UART/u_tx/u_parity_calc/data_reg_reg[1]

  Ref  DFF        Ref:/WORK/SYS_TOP/U0_UART/u_tx/u_parity_calc/data_reg_reg[2]
  Impl DFF        Imp:/WORK/SYS_TOP/U0_UART/u_tx/u_parity_calc/data_reg_reg[2]

  Ref  DFF        Ref:/WORK/SYS_TOP/U0_UART/u_tx/u_parity_calc/data_reg_reg[3]
  Impl DFF        Imp:/WORK/SYS_TOP/U0_UART/u_tx/u_parity_calc/data_reg_reg[3]

  Ref  DFF        Ref:/WORK/SYS_TOP/U0_UART/u_tx/u_parity_calc/data_reg_reg[4]
  Impl DFF        Imp:/WORK/SYS_TOP/U0_UART/u_tx/u_parity_calc/data_reg_reg[4]

  Ref  DFF        Ref:/WORK/SYS_TOP/U0_UART/u_tx/u_parity_calc/data_reg_reg[5]
  Impl DFF        Imp:/WORK/SYS_TOP/U0_UART/u_tx/u_parity_calc/data_reg_reg[5]

  Ref  DFF        Ref:/WORK/SYS_TOP/U0_UART/u_tx/u_parity_calc/data_reg_reg[6]
  Impl DFF        Imp:/WORK/SYS_TOP/U0_UART/u_tx/u_parity_calc/data_reg_reg[6]

  Ref  DFF        Ref:/WORK/SYS_TOP/U0_UART/u_tx/u_parity_calc/data_reg_reg[7]
  Impl DFF        Imp:/WORK/SYS_TOP/U0_UART/u_tx/u_parity_calc/data_reg_reg[7]

  Ref  DFF        Ref:/WORK/SYS_TOP/U0_UART/u_tx/u_parity_calc/par_bit_reg
  Impl DFF        Imp:/WORK/SYS_TOP/U0_UART/u_tx/u_parity_calc/par_bit_reg

  Ref  DFF        Ref:/WORK/SYS_TOP/U0_UART/u_tx/u_serializer/count_reg[0]
  Impl DFF        Imp:/WORK/SYS_TOP/U0_UART/u_tx/u_serializer/count_reg[0]

  Ref  DFF        Ref:/WORK/SYS_TOP/U0_UART/u_tx/u_serializer/count_reg[1]
  Impl DFF        Imp:/WORK/SYS_TOP/U0_UART/u_tx/u_serializer/count_reg[1]

  Ref  DFF        Ref:/WORK/SYS_TOP/U0_UART/u_tx/u_serializer/count_reg[2]
  Impl DFF        Imp:/WORK/SYS_TOP/U0_UART/u_tx/u_serializer/count_reg[2]

  Ref  DFF        Ref:/WORK/SYS_TOP/U0_UART/u_tx/u_serializer/data_reg_reg[0]
  Impl DFF        Imp:/WORK/SYS_TOP/U0_UART/u_tx/u_serializer/data_reg_reg[0]

  Ref  DFF        Ref:/WORK/SYS_TOP/U0_UART/u_tx/u_serializer/data_reg_reg[1]
  Impl DFF        Imp:/WORK/SYS_TOP/U0_UART/u_tx/u_serializer/data_reg_reg[1]

  Ref  DFF        Ref:/WORK/SYS_TOP/U0_UART/u_tx/u_serializer/data_reg_reg[2]
  Impl DFF        Imp:/WORK/SYS_TOP/U0_UART/u_tx/u_serializer/data_reg_reg[2]

  Ref  DFF        Ref:/WORK/SYS_TOP/U0_UART/u_tx/u_serializer/data_reg_reg[3]
  Impl DFF        Imp:/WORK/SYS_TOP/U0_UART/u_tx/u_serializer/data_reg_reg[3]

  Ref  DFF        Ref:/WORK/SYS_TOP/U0_UART/u_tx/u_serializer/data_reg_reg[4]
  Impl DFF        Imp:/WORK/SYS_TOP/U0_UART/u_tx/u_serializer/data_reg_reg[4]

  Ref  DFF        Ref:/WORK/SYS_TOP/U0_UART/u_tx/u_serializer/data_reg_reg[5]
  Impl DFF        Imp:/WORK/SYS_TOP/U0_UART/u_tx/u_serializer/data_reg_reg[5]

  Ref  DFF        Ref:/WORK/SYS_TOP/U0_UART/u_tx/u_serializer/data_reg_reg[6]
  Impl DFF        Imp:/WORK/SYS_TOP/U0_UART/u_tx/u_serializer/data_reg_reg[6]

  Ref  DFF        Ref:/WORK/SYS_TOP/U0_UART/u_tx/u_serializer/data_reg_reg[7]
  Impl DFF        Imp:/WORK/SYS_TOP/U0_UART/u_tx/u_serializer/data_reg_reg[7]

  Ref  DFF        Ref:/WORK/SYS_TOP/U0_UART_FIFO/u_FIFO_MEM_CNTRL/mem_reg[0][0]
  Impl DFF        Imp:/WORK/SYS_TOP/U0_UART_FIFO/u_FIFO_MEM_CNTRL/mem_reg[0][0]

  Ref  DFF        Ref:/WORK/SYS_TOP/U0_UART_FIFO/u_FIFO_MEM_CNTRL/mem_reg[0][1]
  Impl DFF        Imp:/WORK/SYS_TOP/U0_UART_FIFO/u_FIFO_MEM_CNTRL/mem_reg[0][1]

  Ref  DFF        Ref:/WORK/SYS_TOP/U0_UART_FIFO/u_FIFO_MEM_CNTRL/mem_reg[0][2]
  Impl DFF        Imp:/WORK/SYS_TOP/U0_UART_FIFO/u_FIFO_MEM_CNTRL/mem_reg[0][2]

  Ref  DFF        Ref:/WORK/SYS_TOP/U0_UART_FIFO/u_FIFO_MEM_CNTRL/mem_reg[0][3]
  Impl DFF        Imp:/WORK/SYS_TOP/U0_UART_FIFO/u_FIFO_MEM_CNTRL/mem_reg[0][3]

  Ref  DFF        Ref:/WORK/SYS_TOP/U0_UART_FIFO/u_FIFO_MEM_CNTRL/mem_reg[0][4]
  Impl DFF        Imp:/WORK/SYS_TOP/U0_UART_FIFO/u_FIFO_MEM_CNTRL/mem_reg[0][4]

  Ref  DFF        Ref:/WORK/SYS_TOP/U0_UART_FIFO/u_FIFO_MEM_CNTRL/mem_reg[0][5]
  Impl DFF        Imp:/WORK/SYS_TOP/U0_UART_FIFO/u_FIFO_MEM_CNTRL/mem_reg[0][5]

  Ref  DFF        Ref:/WORK/SYS_TOP/U0_UART_FIFO/u_FIFO_MEM_CNTRL/mem_reg[0][6]
  Impl DFF        Imp:/WORK/SYS_TOP/U0_UART_FIFO/u_FIFO_MEM_CNTRL/mem_reg[0][6]

  Ref  DFF        Ref:/WORK/SYS_TOP/U0_UART_FIFO/u_FIFO_MEM_CNTRL/mem_reg[0][7]
  Impl DFF        Imp:/WORK/SYS_TOP/U0_UART_FIFO/u_FIFO_MEM_CNTRL/mem_reg[0][7]

  Ref  DFF        Ref:/WORK/SYS_TOP/U0_UART_FIFO/u_FIFO_MEM_CNTRL/mem_reg[1][0]
  Impl DFF        Imp:/WORK/SYS_TOP/U0_UART_FIFO/u_FIFO_MEM_CNTRL/mem_reg[1][0]

  Ref  DFF        Ref:/WORK/SYS_TOP/U0_UART_FIFO/u_FIFO_MEM_CNTRL/mem_reg[1][1]
  Impl DFF        Imp:/WORK/SYS_TOP/U0_UART_FIFO/u_FIFO_MEM_CNTRL/mem_reg[1][1]

  Ref  DFF        Ref:/WORK/SYS_TOP/U0_UART_FIFO/u_FIFO_MEM_CNTRL/mem_reg[1][2]
  Impl DFF        Imp:/WORK/SYS_TOP/U0_UART_FIFO/u_FIFO_MEM_CNTRL/mem_reg[1][2]

  Ref  DFF        Ref:/WORK/SYS_TOP/U0_UART_FIFO/u_FIFO_MEM_CNTRL/mem_reg[1][3]
  Impl DFF        Imp:/WORK/SYS_TOP/U0_UART_FIFO/u_FIFO_MEM_CNTRL/mem_reg[1][3]

  Ref  DFF        Ref:/WORK/SYS_TOP/U0_UART_FIFO/u_FIFO_MEM_CNTRL/mem_reg[1][4]
  Impl DFF        Imp:/WORK/SYS_TOP/U0_UART_FIFO/u_FIFO_MEM_CNTRL/mem_reg[1][4]

  Ref  DFF        Ref:/WORK/SYS_TOP/U0_UART_FIFO/u_FIFO_MEM_CNTRL/mem_reg[1][5]
  Impl DFF        Imp:/WORK/SYS_TOP/U0_UART_FIFO/u_FIFO_MEM_CNTRL/mem_reg[1][5]

  Ref  DFF        Ref:/WORK/SYS_TOP/U0_UART_FIFO/u_FIFO_MEM_CNTRL/mem_reg[1][6]
  Impl DFF        Imp:/WORK/SYS_TOP/U0_UART_FIFO/u_FIFO_MEM_CNTRL/mem_reg[1][6]

  Ref  DFF        Ref:/WORK/SYS_TOP/U0_UART_FIFO/u_FIFO_MEM_CNTRL/mem_reg[1][7]
  Impl DFF        Imp:/WORK/SYS_TOP/U0_UART_FIFO/u_FIFO_MEM_CNTRL/mem_reg[1][7]

  Ref  DFF        Ref:/WORK/SYS_TOP/U0_UART_FIFO/u_FIFO_MEM_CNTRL/mem_reg[2][0]
  Impl DFF        Imp:/WORK/SYS_TOP/U0_UART_FIFO/u_FIFO_MEM_CNTRL/mem_reg[2][0]

  Ref  DFF        Ref:/WORK/SYS_TOP/U0_UART_FIFO/u_FIFO_MEM_CNTRL/mem_reg[2][1]
  Impl DFF        Imp:/WORK/SYS_TOP/U0_UART_FIFO/u_FIFO_MEM_CNTRL/mem_reg[2][1]

  Ref  DFF        Ref:/WORK/SYS_TOP/U0_UART_FIFO/u_FIFO_MEM_CNTRL/mem_reg[2][2]
  Impl DFF        Imp:/WORK/SYS_TOP/U0_UART_FIFO/u_FIFO_MEM_CNTRL/mem_reg[2][2]

  Ref  DFF        Ref:/WORK/SYS_TOP/U0_UART_FIFO/u_FIFO_MEM_CNTRL/mem_reg[2][3]
  Impl DFF        Imp:/WORK/SYS_TOP/U0_UART_FIFO/u_FIFO_MEM_CNTRL/mem_reg[2][3]

  Ref  DFF        Ref:/WORK/SYS_TOP/U0_UART_FIFO/u_FIFO_MEM_CNTRL/mem_reg[2][4]
  Impl DFF        Imp:/WORK/SYS_TOP/U0_UART_FIFO/u_FIFO_MEM_CNTRL/mem_reg[2][4]

  Ref  DFF        Ref:/WORK/SYS_TOP/U0_UART_FIFO/u_FIFO_MEM_CNTRL/mem_reg[2][5]
  Impl DFF        Imp:/WORK/SYS_TOP/U0_UART_FIFO/u_FIFO_MEM_CNTRL/mem_reg[2][5]

  Ref  DFF        Ref:/WORK/SYS_TOP/U0_UART_FIFO/u_FIFO_MEM_CNTRL/mem_reg[2][6]
  Impl DFF        Imp:/WORK/SYS_TOP/U0_UART_FIFO/u_FIFO_MEM_CNTRL/mem_reg[2][6]

  Ref  DFF        Ref:/WORK/SYS_TOP/U0_UART_FIFO/u_FIFO_MEM_CNTRL/mem_reg[2][7]
  Impl DFF        Imp:/WORK/SYS_TOP/U0_UART_FIFO/u_FIFO_MEM_CNTRL/mem_reg[2][7]

  Ref  DFF        Ref:/WORK/SYS_TOP/U0_UART_FIFO/u_FIFO_MEM_CNTRL/mem_reg[3][0]
  Impl DFF        Imp:/WORK/SYS_TOP/U0_UART_FIFO/u_FIFO_MEM_CNTRL/mem_reg[3][0]

  Ref  DFF        Ref:/WORK/SYS_TOP/U0_UART_FIFO/u_FIFO_MEM_CNTRL/mem_reg[3][1]
  Impl DFF        Imp:/WORK/SYS_TOP/U0_UART_FIFO/u_FIFO_MEM_CNTRL/mem_reg[3][1]

  Ref  DFF        Ref:/WORK/SYS_TOP/U0_UART_FIFO/u_FIFO_MEM_CNTRL/mem_reg[3][2]
  Impl DFF        Imp:/WORK/SYS_TOP/U0_UART_FIFO/u_FIFO_MEM_CNTRL/mem_reg[3][2]

  Ref  DFF        Ref:/WORK/SYS_TOP/U0_UART_FIFO/u_FIFO_MEM_CNTRL/mem_reg[3][3]
  Impl DFF        Imp:/WORK/SYS_TOP/U0_UART_FIFO/u_FIFO_MEM_CNTRL/mem_reg[3][3]

  Ref  DFF        Ref:/WORK/SYS_TOP/U0_UART_FIFO/u_FIFO_MEM_CNTRL/mem_reg[3][4]
  Impl DFF        Imp:/WORK/SYS_TOP/U0_UART_FIFO/u_FIFO_MEM_CNTRL/mem_reg[3][4]

  Ref  DFF        Ref:/WORK/SYS_TOP/U0_UART_FIFO/u_FIFO_MEM_CNTRL/mem_reg[3][5]
  Impl DFF        Imp:/WORK/SYS_TOP/U0_UART_FIFO/u_FIFO_MEM_CNTRL/mem_reg[3][5]

  Ref  DFF        Ref:/WORK/SYS_TOP/U0_UART_FIFO/u_FIFO_MEM_CNTRL/mem_reg[3][6]
  Impl DFF        Imp:/WORK/SYS_TOP/U0_UART_FIFO/u_FIFO_MEM_CNTRL/mem_reg[3][6]

  Ref  DFF        Ref:/WORK/SYS_TOP/U0_UART_FIFO/u_FIFO_MEM_CNTRL/mem_reg[3][7]
  Impl DFF        Imp:/WORK/SYS_TOP/U0_UART_FIFO/u_FIFO_MEM_CNTRL/mem_reg[3][7]

  Ref  DFF        Ref:/WORK/SYS_TOP/U0_UART_FIFO/u_FIFO_MEM_CNTRL/mem_reg[4][0]
  Impl DFF        Imp:/WORK/SYS_TOP/U0_UART_FIFO/u_FIFO_MEM_CNTRL/mem_reg[4][0]

  Ref  DFF        Ref:/WORK/SYS_TOP/U0_UART_FIFO/u_FIFO_MEM_CNTRL/mem_reg[4][1]
  Impl DFF        Imp:/WORK/SYS_TOP/U0_UART_FIFO/u_FIFO_MEM_CNTRL/mem_reg[4][1]

  Ref  DFF        Ref:/WORK/SYS_TOP/U0_UART_FIFO/u_FIFO_MEM_CNTRL/mem_reg[4][2]
  Impl DFF        Imp:/WORK/SYS_TOP/U0_UART_FIFO/u_FIFO_MEM_CNTRL/mem_reg[4][2]

  Ref  DFF        Ref:/WORK/SYS_TOP/U0_UART_FIFO/u_FIFO_MEM_CNTRL/mem_reg[4][3]
  Impl DFF        Imp:/WORK/SYS_TOP/U0_UART_FIFO/u_FIFO_MEM_CNTRL/mem_reg[4][3]

  Ref  DFF        Ref:/WORK/SYS_TOP/U0_UART_FIFO/u_FIFO_MEM_CNTRL/mem_reg[4][4]
  Impl DFF        Imp:/WORK/SYS_TOP/U0_UART_FIFO/u_FIFO_MEM_CNTRL/mem_reg[4][4]

  Ref  DFF        Ref:/WORK/SYS_TOP/U0_UART_FIFO/u_FIFO_MEM_CNTRL/mem_reg[4][5]
  Impl DFF        Imp:/WORK/SYS_TOP/U0_UART_FIFO/u_FIFO_MEM_CNTRL/mem_reg[4][5]

  Ref  DFF        Ref:/WORK/SYS_TOP/U0_UART_FIFO/u_FIFO_MEM_CNTRL/mem_reg[4][6]
  Impl DFF        Imp:/WORK/SYS_TOP/U0_UART_FIFO/u_FIFO_MEM_CNTRL/mem_reg[4][6]

  Ref  DFF        Ref:/WORK/SYS_TOP/U0_UART_FIFO/u_FIFO_MEM_CNTRL/mem_reg[4][7]
  Impl DFF        Imp:/WORK/SYS_TOP/U0_UART_FIFO/u_FIFO_MEM_CNTRL/mem_reg[4][7]

  Ref  DFF        Ref:/WORK/SYS_TOP/U0_UART_FIFO/u_FIFO_MEM_CNTRL/mem_reg[5][0]
  Impl DFF        Imp:/WORK/SYS_TOP/U0_UART_FIFO/u_FIFO_MEM_CNTRL/mem_reg[5][0]

  Ref  DFF        Ref:/WORK/SYS_TOP/U0_UART_FIFO/u_FIFO_MEM_CNTRL/mem_reg[5][1]
  Impl DFF        Imp:/WORK/SYS_TOP/U0_UART_FIFO/u_FIFO_MEM_CNTRL/mem_reg[5][1]

  Ref  DFF        Ref:/WORK/SYS_TOP/U0_UART_FIFO/u_FIFO_MEM_CNTRL/mem_reg[5][2]
  Impl DFF        Imp:/WORK/SYS_TOP/U0_UART_FIFO/u_FIFO_MEM_CNTRL/mem_reg[5][2]

  Ref  DFF        Ref:/WORK/SYS_TOP/U0_UART_FIFO/u_FIFO_MEM_CNTRL/mem_reg[5][3]
  Impl DFF        Imp:/WORK/SYS_TOP/U0_UART_FIFO/u_FIFO_MEM_CNTRL/mem_reg[5][3]

  Ref  DFF        Ref:/WORK/SYS_TOP/U0_UART_FIFO/u_FIFO_MEM_CNTRL/mem_reg[5][4]
  Impl DFF        Imp:/WORK/SYS_TOP/U0_UART_FIFO/u_FIFO_MEM_CNTRL/mem_reg[5][4]

  Ref  DFF        Ref:/WORK/SYS_TOP/U0_UART_FIFO/u_FIFO_MEM_CNTRL/mem_reg[5][5]
  Impl DFF        Imp:/WORK/SYS_TOP/U0_UART_FIFO/u_FIFO_MEM_CNTRL/mem_reg[5][5]

  Ref  DFF        Ref:/WORK/SYS_TOP/U0_UART_FIFO/u_FIFO_MEM_CNTRL/mem_reg[5][6]
  Impl DFF        Imp:/WORK/SYS_TOP/U0_UART_FIFO/u_FIFO_MEM_CNTRL/mem_reg[5][6]

  Ref  DFF        Ref:/WORK/SYS_TOP/U0_UART_FIFO/u_FIFO_MEM_CNTRL/mem_reg[5][7]
  Impl DFF        Imp:/WORK/SYS_TOP/U0_UART_FIFO/u_FIFO_MEM_CNTRL/mem_reg[5][7]

  Ref  DFF        Ref:/WORK/SYS_TOP/U0_UART_FIFO/u_FIFO_MEM_CNTRL/mem_reg[6][0]
  Impl DFF        Imp:/WORK/SYS_TOP/U0_UART_FIFO/u_FIFO_MEM_CNTRL/mem_reg[6][0]

  Ref  DFF        Ref:/WORK/SYS_TOP/U0_UART_FIFO/u_FIFO_MEM_CNTRL/mem_reg[6][1]
  Impl DFF        Imp:/WORK/SYS_TOP/U0_UART_FIFO/u_FIFO_MEM_CNTRL/mem_reg[6][1]

  Ref  DFF        Ref:/WORK/SYS_TOP/U0_UART_FIFO/u_FIFO_MEM_CNTRL/mem_reg[6][2]
  Impl DFF        Imp:/WORK/SYS_TOP/U0_UART_FIFO/u_FIFO_MEM_CNTRL/mem_reg[6][2]

  Ref  DFF        Ref:/WORK/SYS_TOP/U0_UART_FIFO/u_FIFO_MEM_CNTRL/mem_reg[6][3]
  Impl DFF        Imp:/WORK/SYS_TOP/U0_UART_FIFO/u_FIFO_MEM_CNTRL/mem_reg[6][3]

  Ref  DFF        Ref:/WORK/SYS_TOP/U0_UART_FIFO/u_FIFO_MEM_CNTRL/mem_reg[6][4]
  Impl DFF        Imp:/WORK/SYS_TOP/U0_UART_FIFO/u_FIFO_MEM_CNTRL/mem_reg[6][4]

  Ref  DFF        Ref:/WORK/SYS_TOP/U0_UART_FIFO/u_FIFO_MEM_CNTRL/mem_reg[6][5]
  Impl DFF        Imp:/WORK/SYS_TOP/U0_UART_FIFO/u_FIFO_MEM_CNTRL/mem_reg[6][5]

  Ref  DFF        Ref:/WORK/SYS_TOP/U0_UART_FIFO/u_FIFO_MEM_CNTRL/mem_reg[6][6]
  Impl DFF        Imp:/WORK/SYS_TOP/U0_UART_FIFO/u_FIFO_MEM_CNTRL/mem_reg[6][6]

  Ref  DFF        Ref:/WORK/SYS_TOP/U0_UART_FIFO/u_FIFO_MEM_CNTRL/mem_reg[6][7]
  Impl DFF        Imp:/WORK/SYS_TOP/U0_UART_FIFO/u_FIFO_MEM_CNTRL/mem_reg[6][7]

  Ref  DFF        Ref:/WORK/SYS_TOP/U0_UART_FIFO/u_FIFO_MEM_CNTRL/mem_reg[7][0]
  Impl DFF        Imp:/WORK/SYS_TOP/U0_UART_FIFO/u_FIFO_MEM_CNTRL/mem_reg[7][0]

  Ref  DFF        Ref:/WORK/SYS_TOP/U0_UART_FIFO/u_FIFO_MEM_CNTRL/mem_reg[7][1]
  Impl DFF        Imp:/WORK/SYS_TOP/U0_UART_FIFO/u_FIFO_MEM_CNTRL/mem_reg[7][1]

  Ref  DFF        Ref:/WORK/SYS_TOP/U0_UART_FIFO/u_FIFO_MEM_CNTRL/mem_reg[7][2]
  Impl DFF        Imp:/WORK/SYS_TOP/U0_UART_FIFO/u_FIFO_MEM_CNTRL/mem_reg[7][2]

  Ref  DFF        Ref:/WORK/SYS_TOP/U0_UART_FIFO/u_FIFO_MEM_CNTRL/mem_reg[7][3]
  Impl DFF        Imp:/WORK/SYS_TOP/U0_UART_FIFO/u_FIFO_MEM_CNTRL/mem_reg[7][3]

  Ref  DFF        Ref:/WORK/SYS_TOP/U0_UART_FIFO/u_FIFO_MEM_CNTRL/mem_reg[7][4]
  Impl DFF        Imp:/WORK/SYS_TOP/U0_UART_FIFO/u_FIFO_MEM_CNTRL/mem_reg[7][4]

  Ref  DFF        Ref:/WORK/SYS_TOP/U0_UART_FIFO/u_FIFO_MEM_CNTRL/mem_reg[7][5]
  Impl DFF        Imp:/WORK/SYS_TOP/U0_UART_FIFO/u_FIFO_MEM_CNTRL/mem_reg[7][5]

  Ref  DFF        Ref:/WORK/SYS_TOP/U0_UART_FIFO/u_FIFO_MEM_CNTRL/mem_reg[7][6]
  Impl DFF        Imp:/WORK/SYS_TOP/U0_UART_FIFO/u_FIFO_MEM_CNTRL/mem_reg[7][6]

  Ref  DFF        Ref:/WORK/SYS_TOP/U0_UART_FIFO/u_FIFO_MEM_CNTRL/mem_reg[7][7]
  Impl DFF        Imp:/WORK/SYS_TOP/U0_UART_FIFO/u_FIFO_MEM_CNTRL/mem_reg[7][7]

  Ref  DFF        Ref:/WORK/SYS_TOP/U0_UART_FIFO/u_FIFO_RD/rd_bin_reg[0]
  Impl DFF        Imp:/WORK/SYS_TOP/U0_UART_FIFO/u_FIFO_RD/rd_bin_reg[0]

  Ref  DFF        Ref:/WORK/SYS_TOP/U0_UART_FIFO/u_FIFO_RD/rd_bin_reg[1]
  Impl DFF        Imp:/WORK/SYS_TOP/U0_UART_FIFO/u_FIFO_RD/rd_bin_reg[1]

  Ref  DFF        Ref:/WORK/SYS_TOP/U0_UART_FIFO/u_FIFO_RD/rd_bin_reg[2]
  Impl DFF        Imp:/WORK/SYS_TOP/U0_UART_FIFO/u_FIFO_RD/rd_bin_reg[2]

  Ref  DFF        Ref:/WORK/SYS_TOP/U0_UART_FIFO/u_FIFO_RD/rd_bin_reg[3]
  Impl DFF        Imp:/WORK/SYS_TOP/U0_UART_FIFO/u_FIFO_RD/rd_bin_reg[3]

  Ref  DFF        Ref:/WORK/SYS_TOP/U0_UART_FIFO/u_FIFO_RD/rd_ptr_reg[0]
  Impl DFF        Imp:/WORK/SYS_TOP/U0_UART_FIFO/u_FIFO_RD/rd_ptr_reg[0]

  Ref  DFF        Ref:/WORK/SYS_TOP/U0_UART_FIFO/u_FIFO_RD/rd_ptr_reg[1]
  Impl DFF        Imp:/WORK/SYS_TOP/U0_UART_FIFO/u_FIFO_RD/rd_ptr_reg[1]

  Ref  DFF        Ref:/WORK/SYS_TOP/U0_UART_FIFO/u_FIFO_RD/rd_ptr_reg[2]
  Impl DFF        Imp:/WORK/SYS_TOP/U0_UART_FIFO/u_FIFO_RD/rd_ptr_reg[2]

  Ref  DFF        Ref:/WORK/SYS_TOP/U0_UART_FIFO/u_FIFO_RD/rd_ptr_reg[3]
  Impl DFF        Imp:/WORK/SYS_TOP/U0_UART_FIFO/u_FIFO_RD/rd_ptr_reg[3]

  Ref  DFF        Ref:/WORK/SYS_TOP/U0_UART_FIFO/u_FIFO_WR/wr_bin_reg[0]
  Impl DFF        Imp:/WORK/SYS_TOP/U0_UART_FIFO/u_FIFO_WR/wr_bin_reg[0]

  Ref  DFF        Ref:/WORK/SYS_TOP/U0_UART_FIFO/u_FIFO_WR/wr_bin_reg[1]
  Impl DFF        Imp:/WORK/SYS_TOP/U0_UART_FIFO/u_FIFO_WR/wr_bin_reg[1]

  Ref  DFF        Ref:/WORK/SYS_TOP/U0_UART_FIFO/u_FIFO_WR/wr_bin_reg[2]
  Impl DFF        Imp:/WORK/SYS_TOP/U0_UART_FIFO/u_FIFO_WR/wr_bin_reg[2]

  Ref  DFF        Ref:/WORK/SYS_TOP/U0_UART_FIFO/u_FIFO_WR/wr_bin_reg[3]
  Impl DFF        Imp:/WORK/SYS_TOP/U0_UART_FIFO/u_FIFO_WR/wr_bin_reg[3]

  Ref  DFF        Ref:/WORK/SYS_TOP/U0_UART_FIFO/u_rd_DF_SYNC/sync_reg_reg[0][0]
  Impl DFF        Imp:/WORK/SYS_TOP/U0_UART_FIFO/u_rd_DF_SYNC/sync_reg_reg[0][0]

  Ref  DFF        Ref:/WORK/SYS_TOP/U0_UART_FIFO/u_rd_DF_SYNC/sync_reg_reg[0][1]
  Impl DFF        Imp:/WORK/SYS_TOP/U0_UART_FIFO/u_rd_DF_SYNC/sync_reg_reg[0][1]

  Ref  DFF        Ref:/WORK/SYS_TOP/U0_UART_FIFO/u_rd_DF_SYNC/sync_reg_reg[0][2]
  Impl DFF        Imp:/WORK/SYS_TOP/U0_UART_FIFO/u_rd_DF_SYNC/sync_reg_reg[0][2]

  Ref  DFF        Ref:/WORK/SYS_TOP/U0_UART_FIFO/u_rd_DF_SYNC/sync_reg_reg[0][3]
  Impl DFF        Imp:/WORK/SYS_TOP/U0_UART_FIFO/u_rd_DF_SYNC/sync_reg_reg[0][3]

  Ref  DFF        Ref:/WORK/SYS_TOP/U0_UART_FIFO/u_rd_DF_SYNC/sync_reg_reg[1][0]
  Impl DFF        Imp:/WORK/SYS_TOP/U0_UART_FIFO/u_rd_DF_SYNC/sync_reg_reg[1][0]

  Ref  DFF        Ref:/WORK/SYS_TOP/U0_UART_FIFO/u_rd_DF_SYNC/sync_reg_reg[1][1]
  Impl DFF        Imp:/WORK/SYS_TOP/U0_UART_FIFO/u_rd_DF_SYNC/sync_reg_reg[1][1]

  Ref  DFF        Ref:/WORK/SYS_TOP/U0_UART_FIFO/u_rd_DF_SYNC/sync_reg_reg[1][2]
  Impl DFF        Imp:/WORK/SYS_TOP/U0_UART_FIFO/u_rd_DF_SYNC/sync_reg_reg[1][2]

  Ref  DFF        Ref:/WORK/SYS_TOP/U0_UART_FIFO/u_rd_DF_SYNC/sync_reg_reg[1][3]
  Impl DFF        Imp:/WORK/SYS_TOP/U0_UART_FIFO/u_rd_DF_SYNC/sync_reg_reg[1][3]

  Ref  DFF        Ref:/WORK/SYS_TOP/U0_UART_FIFO/u_wr_DF_SYNC/sync_reg_reg[0][0]
  Impl DFF        Imp:/WORK/SYS_TOP/U0_UART_FIFO/u_wr_DF_SYNC/sync_reg_reg[0][0]

  Ref  DFF        Ref:/WORK/SYS_TOP/U0_UART_FIFO/u_wr_DF_SYNC/sync_reg_reg[0][1]
  Impl DFF        Imp:/WORK/SYS_TOP/U0_UART_FIFO/u_wr_DF_SYNC/sync_reg_reg[0][1]

  Ref  DFF        Ref:/WORK/SYS_TOP/U0_UART_FIFO/u_wr_DF_SYNC/sync_reg_reg[0][2]
  Impl DFF        Imp:/WORK/SYS_TOP/U0_UART_FIFO/u_wr_DF_SYNC/sync_reg_reg[0][2]

  Ref  DFF        Ref:/WORK/SYS_TOP/U0_UART_FIFO/u_wr_DF_SYNC/sync_reg_reg[0][3]
  Impl DFF        Imp:/WORK/SYS_TOP/U0_UART_FIFO/u_wr_DF_SYNC/sync_reg_reg[0][3]

  Ref  DFF        Ref:/WORK/SYS_TOP/U0_UART_FIFO/u_wr_DF_SYNC/sync_reg_reg[1][0]
  Impl DFF        Imp:/WORK/SYS_TOP/U0_UART_FIFO/u_wr_DF_SYNC/sync_reg_reg[1][0]

  Ref  DFF        Ref:/WORK/SYS_TOP/U0_UART_FIFO/u_wr_DF_SYNC/sync_reg_reg[1][1]
  Impl DFF        Imp:/WORK/SYS_TOP/U0_UART_FIFO/u_wr_DF_SYNC/sync_reg_reg[1][1]

  Ref  DFF        Ref:/WORK/SYS_TOP/U0_UART_FIFO/u_wr_DF_SYNC/sync_reg_reg[1][2]
  Impl DFF        Imp:/WORK/SYS_TOP/U0_UART_FIFO/u_wr_DF_SYNC/sync_reg_reg[1][2]

  Ref  DFF        Ref:/WORK/SYS_TOP/U0_UART_FIFO/u_wr_DF_SYNC/sync_reg_reg[1][3]
  Impl DFF        Imp:/WORK/SYS_TOP/U0_UART_FIFO/u_wr_DF_SYNC/sync_reg_reg[1][3]

  Ref  DFF        Ref:/WORK/SYS_TOP/U0_ref_sync/enable_pulse_reg
  Impl DFF        Imp:/WORK/SYS_TOP/U0_ref_sync/enable_pulse_reg

  Ref  DFF        Ref:/WORK/SYS_TOP/U0_ref_sync/pulse_flop_reg
  Impl DFF        Imp:/WORK/SYS_TOP/U0_ref_sync/pulse_flop_reg

  Ref  DFF        Ref:/WORK/SYS_TOP/U0_ref_sync/sync_bus_reg[0]
  Impl DFF        Imp:/WORK/SYS_TOP/U0_ref_sync/sync_bus_reg[0]

  Ref  DFF        Ref:/WORK/SYS_TOP/U0_ref_sync/sync_bus_reg[1]
  Impl DFF        Imp:/WORK/SYS_TOP/U0_ref_sync/sync_bus_reg[1]

  Ref  DFF        Ref:/WORK/SYS_TOP/U0_ref_sync/sync_bus_reg[2]
  Impl DFF        Imp:/WORK/SYS_TOP/U0_ref_sync/sync_bus_reg[2]

  Ref  DFF        Ref:/WORK/SYS_TOP/U0_ref_sync/sync_bus_reg[3]
  Impl DFF        Imp:/WORK/SYS_TOP/U0_ref_sync/sync_bus_reg[3]

  Ref  DFF        Ref:/WORK/SYS_TOP/U0_ref_sync/sync_bus_reg[4]
  Impl DFF        Imp:/WORK/SYS_TOP/U0_ref_sync/sync_bus_reg[4]

  Ref  DFF        Ref:/WORK/SYS_TOP/U0_ref_sync/sync_bus_reg[5]
  Impl DFF        Imp:/WORK/SYS_TOP/U0_ref_sync/sync_bus_reg[5]

  Ref  DFF        Ref:/WORK/SYS_TOP/U0_ref_sync/sync_bus_reg[6]
  Impl DFF        Imp:/WORK/SYS_TOP/U0_ref_sync/sync_bus_reg[6]

  Ref  DFF        Ref:/WORK/SYS_TOP/U0_ref_sync/sync_bus_reg[7]
  Impl DFF        Imp:/WORK/SYS_TOP/U0_ref_sync/sync_bus_reg[7]

  Ref  DFF        Ref:/WORK/SYS_TOP/U0_ref_sync/sync_reg_reg[0]
  Impl DFF        Imp:/WORK/SYS_TOP/U0_ref_sync/sync_reg_reg[0]

  Ref  DFF        Ref:/WORK/SYS_TOP/U0_ref_sync/sync_reg_reg[1]
  Impl DFF        Imp:/WORK/SYS_TOP/U0_ref_sync/sync_reg_reg[1]

  Ref  DFF        Ref:/WORK/SYS_TOP/U1_ClkDiv/counter_reg[0]
  Impl DFF        Imp:/WORK/SYS_TOP/U1_ClkDiv/counter_reg[0]

  Ref  DFF        Ref:/WORK/SYS_TOP/U1_ClkDiv/counter_reg[1]
  Impl DFF        Imp:/WORK/SYS_TOP/U1_ClkDiv/counter_reg[1]

  Ref  DFF        Ref:/WORK/SYS_TOP/U1_ClkDiv/counter_reg[2]
  Impl DFF        Imp:/WORK/SYS_TOP/U1_ClkDiv/counter_reg[2]

  Ref  DFF        Ref:/WORK/SYS_TOP/U1_ClkDiv/counter_reg[3]
  Impl DFF        Imp:/WORK/SYS_TOP/U1_ClkDiv/counter_reg[3]

  Ref  DFF        Ref:/WORK/SYS_TOP/U1_ClkDiv/counter_reg[4]
  Impl DFF        Imp:/WORK/SYS_TOP/U1_ClkDiv/counter_reg[4]

  Ref  DFF        Ref:/WORK/SYS_TOP/U1_ClkDiv/counter_reg[5]
  Impl DFF        Imp:/WORK/SYS_TOP/U1_ClkDiv/counter_reg[5]

  Ref  DFF        Ref:/WORK/SYS_TOP/U1_ClkDiv/counter_reg[6]
  Impl DFF        Imp:/WORK/SYS_TOP/U1_ClkDiv/counter_reg[6]

  Ref  DFF        Ref:/WORK/SYS_TOP/U1_ClkDiv/counter_reg[7]
  Impl DFF        Imp:/WORK/SYS_TOP/U1_ClkDiv/counter_reg[7]

  Ref  DFF        Ref:/WORK/SYS_TOP/U1_ClkDiv/div_clk_reg_reg
  Impl DFF        Imp:/WORK/SYS_TOP/U1_ClkDiv/div_clk_reg_reg

  Ref  DFF        Ref:/WORK/SYS_TOP/U1_ClkDiv/flag_reg
  Impl DFF        Imp:/WORK/SYS_TOP/U1_ClkDiv/flag_reg

  Ref  DFF        Ref:/WORK/SYS_TOP/U1_RST_SYNC/sync_reg_reg[0]
  Impl DFF        Imp:/WORK/SYS_TOP/U1_RST_SYNC/sync_reg_reg[0]

  Ref  DFF        Ref:/WORK/SYS_TOP/U1_RST_SYNC/sync_reg_reg[1]
  Impl DFF        Imp:/WORK/SYS_TOP/U1_RST_SYNC/sync_reg_reg[1]

  Ref  Port       Ref:/WORK/SYS_TOP/UART_TX_O
  Impl Port       Imp:/WORK/SYS_TOP/UART_TX_O

  Ref  Port       Ref:/WORK/SYS_TOP/framing_error
  Impl Port       Imp:/WORK/SYS_TOP/framing_error

  Ref  Port       Ref:/WORK/SYS_TOP/parity_error
  Impl Port       Imp:/WORK/SYS_TOP/parity_error

 [BBNet: multiply-driven net
  BBPin: black-box pin
  Cut:   cut-point
  DFF:   non-constant DFF register
  DFF0:  constant 0 DFF register
  DFF1:  constant 1 DFF register
  DFFX:  constant X DFF register
  DFF0X: constrained 0X DFF register
  DFF1X: constrained 1X DFF register
  LAT:   non-constant latch register
  LAT0:  constant 0 latch register
  LAT1:  constant 1 latch register
  LATX:  constant X latch register
  LAT0X: constrained 0X latch register
  LAT1X: constrained 1X latch register
  LATCG: clock-gating latch register
  TLA:   transparent latch register
  TLA0X: transparent constrained 0X latch register
  TLA1X: transparent constrained 1X latch register
  Loop:  cycle break point
  Port:  primary (top-level) port
  Und:   undriven signal cut-point
  Unk:   unknown signal cut-point]

1
