****************************************************

Info:  Net Ref:/WORK/SYS_TOP/SO[2] is undriven.
Info:  Net Ref:/WORK/SYS_TOP/SO[1] is undriven.
Info:  Net Ref:/WORK/SYS_TOP/SO[0] is undriven.
Info:  Net Imp:/WORK/ALU_16_bit_DW_div_uns_0/remainder[7] is undriven.
Info:  Net Imp:/WORK/ALU_16_bit_DW_div_uns_0/remainder[6] is undriven.
Info:  Net Imp:/WORK/ALU_16_bit_DW_div_uns_0/remainder[5] is undriven.
Info:  Net Imp:/WORK/ALU_16_bit_DW_div_uns_0/remainder[4] is undriven.
Info:  Net Imp:/WORK/ALU_16_bit_DW_div_uns_0/remainder[3] is undriven.
Info:  Net Imp:/WORK/ALU_16_bit_DW_div_uns_0/remainder[2] is undriven.
Info:  Net Imp:/WORK/ALU_16_bit_DW_div_uns_0/remainder[1] is undriven.
Info:  Net Imp:/WORK/ALU_16_bit_DW_div_uns_0/remainder[0] is undriven.
Info:  Net Imp:/WORK/ALU_16_bit_DW_div_uns_0/divide_by_0 is undriven.
Info:  Net Imp:/WORK/ALU_16_bit_DW01_sub_0/CO is undriven.
Info:  Net Imp:/WORK/ALU_16_bit_DW01_add_0/CO is undriven.
Info:  Net Imp:/WORK/ALU_16_bit_DW01_add_1/CO is undriven.
Info:  guide_uniquify 99 (Line: 812)  Cannot find object "U1_ClkDiv/U16" in design 'SYS_TOP'.
Info:  SVF Operation 99 (Line: 812) - uniquify.  Status: rejected
Info:  guide_uniquify 99 (Line: 812)  Cannot find object "U0_ClkDiv/U16" in design 'SYS_TOP'.
Info:  guide_uniquify 99 (Line: 812)  Cannot find object "u_ref_rst_mux/U1" in design 'SYS_TOP'.
Info:  guide_uniquify 99 (Line: 812)  Cannot find object "u_uart_rst_mux/U1" in design 'SYS_TOP'.
Info:  guide_uniquify 99 (Line: 812)  Cannot find object "u_rst_mux/U1" in design 'SYS_TOP'.
Info:  guide_uniquify 99 (Line: 812)  Cannot find object "u_ref_clk_mux/U1" in design 'SYS_TOP'.
Info:  guide_uniquify 99 (Line: 812)  Cannot find object "u_uart_RX_clk_mux/U1" in design 'SYS_TOP'.
Info:  guide_uniquify 99 (Line: 812)  Cannot find object "u_uart_TX_clk_mux/U1" in design 'SYS_TOP'.
Info:  guide_uniquify 99 (Line: 812)  Cannot find object "u_uart_clk_mux/U1" in design 'SYS_TOP'.
Info:  guide_uniquify 107 (Line: 865)  Cannot find object "U0_ALU/dp_cluster_0/mult_56" in design 'SYS_TOP'.
Info:  Pre-verification of Ref:/WORK/ALU_16_bit/div_60 SUCCEEDED.
Info:  Pre-verification of Ref:/WORK/ALU_16_bit/mult_56 SUCCEEDED.
****************************************************

