/home/IC/Labs/Projects/DFT/rtl/ALU.v
/home/IC/Labs/Projects/DFT/rtl/ASYNC_FIFO.v
/home/IC/Labs/Projects/DFT/rtl/ClkDiv.v
/home/IC/Labs/Projects/DFT/rtl/CLKDIV_MUX.v
/home/IC/Labs/Projects/DFT/rtl/CLK_GATE.v
/home/IC/Labs/Projects/DFT/rtl/data_sampling.v
/home/IC/Labs/Projects/DFT/rtl/data_sync.v
/home/IC/Labs/Projects/DFT/rtl/deserializer.v
/home/IC/Labs/Projects/DFT/rtl/edge_bit_counter.v
/home/IC/Labs/Projects/DFT/rtl/FIFO_DF_SYNC.v
/home/IC/Labs/Projects/DFT/rtl/FIFO_MEM_CNTRL.v
/home/IC/Labs/Projects/DFT/rtl/FIFO_RD.v
/home/IC/Labs/Projects/DFT/rtl/FIFO_WR.v
/home/IC/Labs/Projects/DFT/rtl/mux.v
/home/IC/Labs/Projects/DFT/rtl/mux2X1.v
/home/IC/Labs/Projects/DFT/rtl/par_chk.v
/home/IC/Labs/Projects/DFT/rtl/parity_calc.v
/home/IC/Labs/Projects/DFT/rtl/PULSE_GEN.v
/home/IC/Labs/Projects/DFT/rtl/RegFile.v
/home/IC/Labs/Projects/DFT/rtl/RST_SYNC.v
/home/IC/Labs/Projects/DFT/rtl/Serializer.v
/home/IC/Labs/Projects/DFT/rtl/stp_chk.v
/home/IC/Labs/Projects/DFT/rtl/strt_chk.v
/home/IC/Labs/Projects/DFT/rtl/SYS_CTRL.v
/home/IC/Labs/Projects/DFT/rtl/SYS_TOP_dft.v
/home/IC/Labs/Projects/DFT/rtl/UART.v
/home/IC/Labs/Projects/DFT/rtl/UART_RX.v
/home/IC/Labs/Projects/DFT/rtl/uart_rx_fsm.v
/home/IC/Labs/Projects/DFT/rtl/UART_TX.v
/home/IC/Labs/Projects/DFT/rtl/uart_tx_fsm.v
